Date/Time:       2025-11-16 13:24:51 
Command line:    C:\Users\Iuri\Desktop\Projetos\Monitoramento\Spy-mobile\venv\Lib\site-packages\briefcase\__main__.py update android

OS Release:      Windows 11
OS Version:      10.0.26100
Architecture:    AMD64
Platform:        Windows-11-10.0.26100-SP0

Python exe:      C:\Users\Iuri\Desktop\Projetos\Monitoramento\Spy-mobile\venv\Scripts\python.exe
Python version:  3.13.3 (tags/v3.13.3:6280bb5, Apr  8 2025, 14:47:33) [MSC v.1943 64 bit (AMD64)]
Virtual env:     True
Conda env:       False

Briefcase:       0.3.25
Target platform: android
Target format:   gradle

Environment Variables:
	ALLUSERSPROFILE=C:\ProgramData
	APPDATA=C:\Users\Iuri\AppData\Roaming
	CHOCOLATEYINSTALL=C:\ProgramData\chocolatey
	CHOCOLATEYLASTPATHUPDATE=133887497030477345
	CHROME_CRASHPAD_PIPE_NAME=\\.\pipe\crashpad_15628_CIVIDEZZDPBDTYDV
	COLORTERM=truecolor
	COMMONPROGRAMFILES=C:\Program Files\Common Files
	COMMONPROGRAMFILES(X86)=C:\Program Files (x86)\Common Files
	COMMONPROGRAMW6432=C:\Program Files\Common Files
	COMPUTERNAME=DESKTOP-13L7BV8
	COMSPEC=C:\WINDOWS\system32\cmd.exe
	DRIVERDATA=C:\Windows\System32\Drivers\DriverData
	EFC_8812_1592913036=1
	FPS_BROWSER_APP_PROFILE_STRING=Internet Explorer
	FPS_BROWSER_USER_PROFILE_STRING=Default
	GIT_ASKPASS=********************
	HOMEDRIVE=C:
	HOMEPATH=\Users\Iuri
	JAVA_HOME=C:\Program Files\Java\jdk-25
	LANG=en_US.UTF-8
	LOCALAPPDATA=C:\Users\Iuri\AppData\Local
	LOGONSERVER=\\DESKTOP-13L7BV8
	NUMBER_OF_PROCESSORS=4
	ONEDRIVE=C:\Users\Iuri\OneDrive
	OPENAI_API_KEY=********************
	ORIGINAL_XDG_CURRENT_DESKTOP=undefined
	OS=Windows_NT
	PATH=C:\Users\Iuri\Desktop\Projetos\Monitoramento\Spy-mobile\venv\Scripts;C:\Program Files\PowerShell\7;C:\Program Files\Common Files\Oracle\Java\javapath;C:\Python313\Scripts\;C:\Python313\;C:\WINDOWS\system32;C:\WINDOWS;C:\WINDOWS\System32\Wbem;C:\WINDOWS\System32\WindowsPowerShell\v1.0\;C:\WINDOWS\System32\OpenSSH\;C:\Program Files\nodejs\;C:\ProgramData\chocolatey\bin;C:\Program Files\dotnet\;C:\Program Files\Docker\Docker\resources\bin;C:\Program Files\PowerShell\7\;C:\Users\Iuri\miniconda3\minconda.3;C:\Users\Iuri\miniconda3\minconda.3\Library\mingw-w64\bin;C:\Users\Iuri\miniconda3\minconda.3\Library\usr\bin;C:\Users\Iuri\miniconda3\minconda.3\Library\bin;C:\Users\Iuri\miniconda3\minconda.3\Scripts;C:\Users\Iuri\AppData\Local\Programs\Python\Python312\Scripts\;C:\Users\Iuri\AppData\Local\Programs\Python\Python312\;C:\Users\Iuri\AppData\Local\Microsoft\WindowsApps;C:\Users\Iuri\AppData\Local\Programs\Microsoft VS Code\bin;C:\Users\Iuri\AppData\Roaming\npm;C:\Program Files\heroku\bin;C:\Users\Iuri\AppData\Local\Google\Cloud SDK\google-cloud-sdk\bin;C:\Users\Iuri\AppData\Local\Programs\Ollama;C:\Users\Iuri\AppData\Local\Programs\Fiddler;C:\Users\Iuri\.dotnet\tools;C:\Program Files\mitmproxy\bin;C:\Program Files\Java\jdk-25\bin;
	PATHEXT=.COM;.EXE;.BAT;.CMD;.VBS;.VBE;.JS;.JSE;.WSF;.WSH;.MSC;.PY;.PYW;.CPL
	POWERSHELL_DISTRIBUTION_CHANNEL=MSI:Windows 10 Enterprise LTSC 2024
	PROCESSOR_ARCHITECTURE=AMD64
	PROCESSOR_IDENTIFIER=Intel64 Family 6 Model 142 Stepping 9, GenuineIntel
	PROCESSOR_LEVEL=6
	PROCESSOR_REVISION=8e09
	PROGRAMDATA=C:\ProgramData
	PROGRAMFILES=C:\Program Files
	PROGRAMFILES(X86)=C:\Program Files (x86)
	PROGRAMW6432=C:\Program Files
	PSMODULEPATH=C:\Users\Iuri\Documents\PowerShell\Modules;C:\Program Files\PowerShell\Modules;c:\program files\powershell\7\Modules;C:\Program Files\WindowsPowerShell\Modules;C:\WINDOWS\system32\WindowsPowerShell\v1.0\Modules
	PUBLIC=C:\Users\Public
	SESSIONNAME=Console
	SYSTEMDRIVE=C:
	SYSTEMROOT=C:\WINDOWS
	TEMP=C:\Users\Iuri\AppData\Local\Temp
	TERM_PROGRAM=vscode
	TERM_PROGRAM_VERSION=1.99.6
	TMP=C:\Users\Iuri\AppData\Local\Temp
	USERDOMAIN=DESKTOP-13L7BV8
	USERDOMAIN_ROAMINGPROFILE=DESKTOP-13L7BV8
	USERNAME=Iuri
	USERPROFILE=C:\Users\Iuri
	VBOX_MSI_INSTALL_PATH=C:\Program Files\Oracle\VirtualBox\
	VIRTUAL_ENV=C:\Users\Iuri\Desktop\Projetos\Monitoramento\Spy-mobile\venv
	VIRTUAL_ENV_PROMPT=venv
	VSCODE_GIT_ASKPASS_EXTRA_ARGS=********************
	VSCODE_GIT_ASKPASS_MAIN=********************
	VSCODE_GIT_ASKPASS_NODE=********************
	VSCODE_GIT_IPC_HANDLE=\\.\pipe\vscode-git-190f844da1-sock
	VSCODE_INJECTION=1
	WINDIR=C:\WINDOWS
	ZES_ENABLE_SYSMAN=1
	_OLD_VIRTUAL_PATH=C:\Program Files\PowerShell\7;C:\Program Files\Common Files\Oracle\Java\javapath;C:\Python313\Scripts\;C:\Python313\;C:\WINDOWS\system32;C:\WINDOWS;C:\WINDOWS\System32\Wbem;C:\WINDOWS\System32\WindowsPowerShell\v1.0\;C:\WINDOWS\System32\OpenSSH\;C:\Program Files\nodejs\;C:\ProgramData\chocolatey\bin;C:\Program Files\dotnet\;C:\Program Files\Docker\Docker\resources\bin;C:\Program Files\PowerShell\7\;C:\Users\Iuri\miniconda3\minconda.3;C:\Users\Iuri\miniconda3\minconda.3\Library\mingw-w64\bin;C:\Users\Iuri\miniconda3\minconda.3\Library\usr\bin;C:\Users\Iuri\miniconda3\minconda.3\Library\bin;C:\Users\Iuri\miniconda3\minconda.3\Scripts;C:\Users\Iuri\AppData\Local\Programs\Python\Python312\Scripts\;C:\Users\Iuri\AppData\Local\Programs\Python\Python312\;C:\Users\Iuri\AppData\Local\Microsoft\WindowsApps;C:\Users\Iuri\AppData\Local\Programs\Microsoft VS Code\bin;C:\Users\Iuri\AppData\Roaming\npm;C:\Program Files\heroku\bin;C:\Users\Iuri\AppData\Local\Google\Cloud SDK\google-cloud-sdk\bin;C:\Users\Iuri\AppData\Local\Programs\Ollama;C:\Users\Iuri\AppData\Local\Programs\Fiddler;C:\Users\Iuri\.dotnet\tools;C:\Program Files\mitmproxy\bin;C:\Program Files\Java\jdk-25\bin;

pyproject.toml:
[spy_monitor_final_v2.0.0.apkbuild-system]
requires = ["briefcase"]

[tool.briefcase]
project_name = "SpyMonitor"
bundle = "org.beeware.spymonitor"
version = "2.0.0"
url = "https://147.79.111.118/"
license.file = "LICENSE"
author = "Iuri Rodrigues"
author_email = "irodti93@gmail.com"

[tool.briefcase.app.spymonitor]
formal_name = "Spy Monitor Pro"
description = "Advanced device monitoring and data collection app"
icon = "logo"
sources = ["spymonitor"]
requires = []
url_scheme = "spymonitor"

[tool.briefcase.app.spymonitor.macOS]
requires = []

[tool.briefcase.app.spymonitor.linux]
requires = []

[tool.briefcase.app.spymonitor.windows]
requires = []

[tool.briefcase.app.spymonitor.iOS]
requires = []

[tool.briefcase.app.spymonitor.android]
requires = [
    "plyer>=2.1.0",
    "requests>=2.28.0",
]
build_gradle_dependencies = [
    "androidx.core:core-ktx:1.12.0",
    "androidx.lifecycle:lifecycle-viewmodel-ktx:2.7.0",
    "androidx.activity:activity-ktx:1.8.2",
    "androidx.appcompat:appcompat:1.6.1",
    "com.google.android.material:material:1.11.0",
    "androidx.work:work-runtime:2.8.1",
]
exclude_packages = [
    "toga-gtk",
    "pycairo",
    "pygobject",
    "toga-winforms",
    "toga-cocoa",
    "toga-iOS",
]
# Permissões essenciais
permission_internet = true
permission_access_fine_location = true
permission_access_coarse_location = true
permission_read_phone_state = true
permission_read_external_storage = true
permission_write_external_storage = true
permission_camera = true
permission_record_audio = true
permission_read_contacts = true
permission_read_sms = true
permission_read_call_log = true
permission_access_network_state = true
permission_access_wifi_state = true
permission_wake_lock = true
permission_receive_boot_completed = true

Briefcase Log:
[13:24:48]                                                                                                                                                            __main__.py:42
           Briefcase requires git, but it is not installed (or is not on your PATH). Visit:                                                                           __main__.py:43
                                                                                                                                                                      __main__.py:43
               https://git-scm.com/                                                                                                                                   __main__.py:43
                                                                                                                                                                      __main__.py:43
           to download and install git manually.                                                                                                                      __main__.py:43
                                                                                                                                                                      __main__.py:43
           If you have installed git recently and are still getting this error, you may                                                                               __main__.py:43
           need to restart your terminal session.                                                                                                                     __main__.py:43
           Saving log... started                                                                                                                                      console.py:438

Main thread traceback:
╭─────────────────────────────────────────────────────────────────────── Traceback (most recent call last) ────────────────────────────────────────────────────────────────────────╮
│ C:\Users\Iuri\Desktop\Projetos\Monitoramento\Spy-mobile\venv\Lib\site-packages\git\__init__.py:296 in <module>                                                                   │
│                                                                                                                                                                                  │
│   293                                                                                                                                                                            │
│   294                                                                                                                                                                            │
│   295 try:                                                                                                                                                                       │
│ ❱ 296 │   refresh()                                                                                                                                                              │
│   297 except Exception as _exc:                                                                                                                                                  │
│   298 │   raise ImportError("Failed to initialize: {0}".format(_exc)) from _exc                                                                                                  │
│   299                                                                                                                                                                            │
│                                                                                                                                                                                  │
│ ╭───────────────────────────────────────────────────────────────────────────── locals ─────────────────────────────────────────────────────────────────────────────╮             │
│ │           cmd = <module 'git.cmd' from 'C:\\Users\\Iuri\\Desktop\\Projetos\\Monitoramento\\Spy-mobile\\venv\\Lib\\site-packages\\git\\cmd.py'>                   │             │
│ │        compat = <module 'git.compat' from 'C:\\Users\\Iuri\\Desktop\\Projetos\\Monitoramento\\Spy-mobile\\venv\\Lib\\site-packages\\git\\compat.py'>             │             │
│ │        config = <module 'git.config' from 'C:\\Users\\Iuri\\Desktop\\Projetos\\Monitoramento\\Spy-mobile\\venv\\Lib\\site-packages\\git\\config.py'>             │             │
│ │            db = <module 'git.db' from 'C:\\Users\\Iuri\\Desktop\\Projetos\\Monitoramento\\Spy-mobile\\venv\\Lib\\site-packages\\git\\db.py'>                     │             │
│ │          diff = <module 'git.diff' from 'C:\\Users\\Iuri\\Desktop\\Projetos\\Monitoramento\\Spy-mobile\\venv\\Lib\\site-packages\\git\\diff.py'>                 │             │
│ │           exc = <module 'git.exc' from 'C:\\Users\\Iuri\\Desktop\\Projetos\\Monitoramento\\Spy-mobile\\venv\\Lib\\site-packages\\git\\exc.py'>                   │             │
│ │        GIT_OK = False                                                                                                                                            │             │
│ │         INDEX = <DiffConstants.INDEX: 2>                                                                                                                         │             │
│ │         index = <module 'git.index' from 'C:\\Users\\Iuri\\Desktop\\Projetos\\Monitoramento\\Spy-mobile\\venv\\Lib\\site-packages\\git\\index\\__init__.py'>     │             │
│ │          List = typing.List                                                                                                                                      │             │
│ │     NULL_TREE = <DiffConstants.NULL_TREE: 1>                                                                                                                     │             │
│ │       objects = <module 'git.objects' from 'C:\\Users\\Iuri\\Desktop\\Projetos\\Monitoramento\\Spy-mobile\\venv\\Lib\\site-packages\\git\\objects\\__init__.py'> │             │
│ │      Optional = typing.Optional                                                                                                                                  │             │
│ │      PathLike = typing.Union[str, ForwardRef('os.PathLike[str]')]                                                                                                │             │
│ │          refs = <module 'git.refs' from 'C:\\Users\\Iuri\\Desktop\\Projetos\\Monitoramento\\Spy-mobile\\venv\\Lib\\site-packages\\git\\refs\\__init__.py'>       │             │
│ │        remote = <module 'git.remote' from 'C:\\Users\\Iuri\\Desktop\\Projetos\\Monitoramento\\Spy-mobile\\venv\\Lib\\site-packages\\git\\remote.py'>             │             │
│ │          repo = <module 'git.repo' from 'C:\\Users\\Iuri\\Desktop\\Projetos\\Monitoramento\\Spy-mobile\\venv\\Lib\\site-packages\\git\\repo\\__init__.py'>       │             │
│ │      Sequence = typing.Sequence                                                                                                                                  │             │
│ │         Tuple = typing.Tuple                                                                                                                                     │             │
│ │ TYPE_CHECKING = False                                                                                                                                            │             │
│ │         types = <module 'git.types' from 'C:\\Users\\Iuri\\Desktop\\Projetos\\Monitoramento\\Spy-mobile\\venv\\Lib\\site-packages\\git\\types.py'>               │             │
│ │         Union = typing.Union                                                                                                                                     │             │
│ │      warnings = <module 'warnings' from 'C:\\Python313\\Lib\\warnings.py'>                                                                                       │             │
│ ╰──────────────────────────────────────────────────────────────────────────────────────────────────────────────────────────────────────────────────────────────────╯             │
│                                                                                                                                                                                  │
│ C:\Users\Iuri\Desktop\Projetos\Monitoramento\Spy-mobile\venv\Lib\site-packages\git\__init__.py:287 in refresh                                                                    │
│                                                                                                                                                                                  │
│   284 │   global GIT_OK                                                                        ╭── locals ───╮                                                                   │
│   285 │   GIT_OK = False                                                                       │ path = None │                                                                   │
│   286 │                                                                                        ╰─────────────╯                                                                   │
│ ❱ 287 │   if not Git.refresh(path=path):                                                                                                                                         │
│   288 │   │   return                                                                                                                                                             │
│   289 │   if not FetchInfo.refresh():  # noqa: F405                                                                                                                              │
│   290 │   │   return  # type: ignore[unreachable]                                                                                                                                │
│                                                                                                                                                                                  │
│ C:\Users\Iuri\Desktop\Projetos\Monitoramento\Spy-mobile\venv\Lib\site-packages\git\cmd.py:860 in refresh                                                                         │
│                                                                                                                                                                                  │
│    857 │   │   │   │   │   if mode in warn:                                                                                                                                      │
│    858 │   │   │   │   │   │   _logger.critical(err)                                                                                                                             │
│    859 │   │   │   │   │   else:                                                                                                                                                 │
│ ❱  860 │   │   │   │   │   │   raise ImportError(err)                                                                                                                            │
│    861 │   │   │   │   else:                                                                                                                                                     │
│    862 │   │   │   │   │   err = dedent(                                                                                                                                         │
│    863 │   │   │   │   │   │   """\                                                                                                                                              │
│                                                                                                                                                                                  │
│ ╭────────────────────────────────────────────────── locals ───────────────────────────────────────────────────╮                                                                  │
│ │               err = 'Bad git executable.\nThe git executable must be specified in one of the following'+633 │                                                                  │
│ │             error = ['error', 'e', 'exception', 'raise', 'r', '2']                                          │                                                                  │
│ │           has_git = False                                                                                   │                                                                  │
│ │              mode = 'raise'                                                                                 │                                                                  │
│ │           new_git = 'git'                                                                                   │                                                                  │
│ │           old_git = None                                                                                    │                                                                  │
│ │ old_refresh_token = <object object at 0x000001C49A1A1C70>                                                   │                                                                  │
│ │              path = None                                                                                    │                                                                  │
│ │             quiet = ['quiet', 'q', 'silence', 's', 'silent', 'none', 'n', '0']                              │                                                                  │
│ │              warn = ['warn', 'w', 'warning', 'log', 'l', '1']                                               │                                                                  │
│ ╰─────────────────────────────────────────────────────────────────────────────────────────────────────────────╯                                                                  │
╰──────────────────────────────────────────────────────────────────────────────────────────────────────────────────────────────────────────────────────────────────────────────────╯
ImportError: Bad git executable.
The git executable must be specified in one of the following ways:
    - be included in your $PATH
    - be set via $GIT_PYTHON_GIT_EXECUTABLE
    - explicitly set via git.refresh(<full-path-to-git-executable>)

All git commands will error until this is rectified.

This initial message can be silenced or aggravated in the future by setting the
$GIT_PYTHON_REFRESH environment variable. Use one of the following values:
    - quiet|q|silence|s|silent|none|n|0: for no message or exception
    - warn|w|warning|log|l|1: for a warning message (logging level CRITICAL, displayed by default)
    - error|e|exception|raise|r|2: for a raised exception

Example:
    export GIT_PYTHON_REFRESH=quiet


The above exception was the direct cause of the following exception:

╭─────────────────────────────────────────────────────────────────────── Traceback (most recent call last) ────────────────────────────────────────────────────────────────────────╮
│ C:\Users\Iuri\Desktop\Projetos\Monitoramento\Spy-mobile\venv\Lib\site-packages\briefcase\integrations\git.py:40 in verify_install                                                │
│                                                                                                                                                                                  │
│   37 │   │                                                                                    ╭─────────────────────────────────── locals ────────────────────────────────────╮  │
│   38 │   │   # Check whether the git executable could be imported.                            │ kwargs = {'app': None}                                                        │  │
│   39 │   │   try:                                                                             │  tools = <briefcase.integrations.base.ToolCache object at 0x000001C49DFC4C20> │  │
│ ❱ 40 │   │   │   import git                                                                   ╰───────────────────────────────────────────────────────────────────────────────╯  │
│   41 │   │   except ImportError as e:  # pragma: no cover                                                                                                                        │
│   42 │   │   │   # macOS provides git as part of the Xcode command line tools,                                                                                                   │
│   43 │   │   │   # and also hijacks /usr/bin/git with a trigger that prompts the                                                                                                 │
│                                                                                                                                                                                  │
│ C:\Users\Iuri\Desktop\Projetos\Monitoramento\Spy-mobile\venv\Lib\site-packages\git\__init__.py:298 in <module>                                                                   │
│                                                                                                                                                                                  │
│   295 try:                                                                                                                                                                       │
│   296 │   refresh()                                                                                                                                                              │
│   297 except Exception as _exc:                                                                                                                                                  │
│ ❱ 298 │   raise ImportError("Failed to initialize: {0}".format(_exc)) from _exc                                                                                                  │
│   299                                                                                                                                                                            │
│   300 # } END initialize git executable path                                                                                                                                     │
│   301                                                                                                                                                                            │
│                                                                                                                                                                                  │
│ ╭───────────────────────────────────────────────────────────────────────────── locals ─────────────────────────────────────────────────────────────────────────────╮             │
│ │           cmd = <module 'git.cmd' from 'C:\\Users\\Iuri\\Desktop\\Projetos\\Monitoramento\\Spy-mobile\\venv\\Lib\\site-packages\\git\\cmd.py'>                   │             │
│ │        compat = <module 'git.compat' from 'C:\\Users\\Iuri\\Desktop\\Projetos\\Monitoramento\\Spy-mobile\\venv\\Lib\\site-packages\\git\\compat.py'>             │             │
│ │        config = <module 'git.config' from 'C:\\Users\\Iuri\\Desktop\\Projetos\\Monitoramento\\Spy-mobile\\venv\\Lib\\site-packages\\git\\config.py'>             │             │
│ │            db = <module 'git.db' from 'C:\\Users\\Iuri\\Desktop\\Projetos\\Monitoramento\\Spy-mobile\\venv\\Lib\\site-packages\\git\\db.py'>                     │             │
│ │          diff = <module 'git.diff' from 'C:\\Users\\Iuri\\Desktop\\Projetos\\Monitoramento\\Spy-mobile\\venv\\Lib\\site-packages\\git\\diff.py'>                 │             │
│ │           exc = <module 'git.exc' from 'C:\\Users\\Iuri\\Desktop\\Projetos\\Monitoramento\\Spy-mobile\\venv\\Lib\\site-packages\\git\\exc.py'>                   │             │
│ │        GIT_OK = False                                                                                                                                            │             │
│ │         INDEX = <DiffConstants.INDEX: 2>                                                                                                                         │             │
│ │         index = <module 'git.index' from 'C:\\Users\\Iuri\\Desktop\\Projetos\\Monitoramento\\Spy-mobile\\venv\\Lib\\site-packages\\git\\index\\__init__.py'>     │             │
│ │          List = typing.List                                                                                                                                      │             │
│ │     NULL_TREE = <DiffConstants.NULL_TREE: 1>                                                                                                                     │             │
│ │       objects = <module 'git.objects' from 'C:\\Users\\Iuri\\Desktop\\Projetos\\Monitoramento\\Spy-mobile\\venv\\Lib\\site-packages\\git\\objects\\__init__.py'> │             │
│ │      Optional = typing.Optional                                                                                                                                  │             │
│ │      PathLike = typing.Union[str, ForwardRef('os.PathLike[str]')]                                                                                                │             │
│ │          refs = <module 'git.refs' from 'C:\\Users\\Iuri\\Desktop\\Projetos\\Monitoramento\\Spy-mobile\\venv\\Lib\\site-packages\\git\\refs\\__init__.py'>       │             │
│ │        remote = <module 'git.remote' from 'C:\\Users\\Iuri\\Desktop\\Projetos\\Monitoramento\\Spy-mobile\\venv\\Lib\\site-packages\\git\\remote.py'>             │             │
│ │          repo = <module 'git.repo' from 'C:\\Users\\Iuri\\Desktop\\Projetos\\Monitoramento\\Spy-mobile\\venv\\Lib\\site-packages\\git\\repo\\__init__.py'>       │             │
│ │      Sequence = typing.Sequence                                                                                                                                  │             │
│ │         Tuple = typing.Tuple                                                                                                                                     │             │
│ │ TYPE_CHECKING = False                                                                                                                                            │             │
│ │         types = <module 'git.types' from 'C:\\Users\\Iuri\\Desktop\\Projetos\\Monitoramento\\Spy-mobile\\venv\\Lib\\site-packages\\git\\types.py'>               │             │
│ │         Union = typing.Union                                                                                                                                     │             │
│ │      warnings = <module 'warnings' from 'C:\\Python313\\Lib\\warnings.py'>                                                                                       │             │
│ ╰──────────────────────────────────────────────────────────────────────────────────────────────────────────────────────────────────────────────────────────────────╯             │
╰──────────────────────────────────────────────────────────────────────────────────────────────────────────────────────────────────────────────────────────────────────────────────╯
ImportError: Failed to initialize: Bad git executable.
The git executable must be specified in one of the following ways:
    - be included in your $PATH
    - be set via $GIT_PYTHON_GIT_EXECUTABLE
    - explicitly set via git.refresh(<full-path-to-git-executable>)

All git commands will error until this is rectified.

This initial message can be silenced or aggravated in the future by setting the
$GIT_PYTHON_REFRESH environment variable. Use one of the following values:
    - quiet|q|silence|s|silent|none|n|0: for no message or exception
    - warn|w|warning|log|l|1: for a warning message (logging level CRITICAL, displayed by default)
    - error|e|exception|raise|r|2: for a raised exception

Example:
    export GIT_PYTHON_REFRESH=quiet


The above exception was the direct cause of the following exception:

╭─────────────────────────────────────────────────────────────────────── Traceback (most recent call last) ────────────────────────────────────────────────────────────────────────╮
│ C:\Users\Iuri\Desktop\Projetos\Monitoramento\Spy-mobile\venv\Lib\site-packages\briefcase\__main__.py:27 in main                                                                  │
│                                                                                                                                                                                  │
│   24 │   │   │   Path.cwd() / "pyproject.toml",                                                                                                                                  │
│   25 │   │   │   overrides=overrides,                                                                                                                                            │
│   26 │   │   )                                                                                                                                                                   │
│ ❱ 27 │   │   command(**options)                                                                                                                                                  │
│   28 │   except HelpText as e:                                                                                                                                                   │
│   29 │   │   console.info()                                                                                                                                                      │
│   30 │   │   console.info(str(e))                                                                                                                                                │
│                                                                                                                                                                                  │
│ ╭─────────────────────────────────────────────────────────────────────────────────── locals ───────────────────────────────────────────────────────────────────────────────────╮ │
│ │       command = <briefcase.platforms.android.gradle.GradleUpdateCommand object at 0x000001C49DFC42F0>                                                                        │ │
│ │       console = <briefcase.console.Console object at 0x000001C49AAFABA0>                                                                                                     │ │
│ │             e = BriefcaseCommandError('Briefcase requires git, but it is not installed (or is not on your PATH). Visit:\n\n    https://git-scm.com/\n\nto download and       │ │
│ │                 install git manually.\n\nIf you have installed git recently and are still getting this error, you may\nneed to restart your terminal session.\n')            │ │
│ │ extra_cmdline = []                                                                                                                                                           │ │
│ │       options = {'update_requirements': False, 'update_support': False, 'update_stub': False, 'update_resources': False, 'test_mode': False}                                 │ │
│ │     overrides = {}                                                                                                                                                           │ │
│ │        result = 200                                                                                                                                                          │ │
│ ╰──────────────────────────────────────────────────────────────────────────────────────────────────────────────────────────────────────────────────────────────────────────────╯ │
│                                                                                                                                                                                  │
│ C:\Users\Iuri\Desktop\Projetos\Monitoramento\Spy-mobile\venv\Lib\site-packages\briefcase\commands\update.py:107 in __call__                                                      │
│                                                                                                                                                                                  │
│   104 │   ) -> dict | None:                                                                                                                                                      │
│   105 │   │   # Confirm host compatibility, that all required tools are available,                                                                                               │
│   106 │   │   # and that the app configuration is finalized.                                                                                                                     │
│ ❱ 107 │   │   self.finalize(app, test_mode)                                                                                                                                      │
│   108 │   │                                                                                                                                                                      │
│   109 │   │   if app_name:                                                                                                                                                       │
│   110 │   │   │   try:                                                                                                                                                           │
│                                                                                                                                                                                  │
│ ╭────────────────────────────────────────────────── locals ───────────────────────────────────────────────────╮                                                                  │
│ │                 app = None                                                                                  │                                                                  │
│ │            app_name = None                                                                                  │                                                                  │
│ │             options = {}                                                                                    │                                                                  │
│ │                self = <briefcase.platforms.android.gradle.GradleUpdateCommand object at 0x000001C49DFC42F0> │                                                                  │
│ │           test_mode = False                                                                                 │                                                                  │
│ │ update_requirements = False                                                                                 │                                                                  │
│ │    update_resources = False                                                                                 │                                                                  │
│ │         update_stub = False                                                                                 │                                                                  │
│ │      update_support = False                                                                                 │                                                                  │
│ ╰─────────────────────────────────────────────────────────────────────────────────────────────────────────────╯                                                                  │
│                                                                                                                                                                                  │
│ C:\Users\Iuri\Desktop\Projetos\Monitoramento\Spy-mobile\venv\Lib\site-packages\briefcase\commands\base.py:701 in finalize                                                        │
│                                                                                                                                                                                  │
│    698 │   │   │   to finalize. By default, all apps will be finalized.                                                                                                          │
│    699 │   │   """                                                                                                                                                               │
│    700 │   │   self.verify_host()                                                                                                                                                │
│ ❱  701 │   │   self.verify_tools()                                                                                                                                               │
│    702 │   │                                                                                                                                                                     │
│    703 │   │   apps = self.apps.values() if app is None else [app]                                                                                                               │
│    704 │   │   for app in apps:                                                                                                                                                  │
│                                                                                                                                                                                  │
│ ╭───────────────────────────────────────────── locals ──────────────────────────────────────────────╮                                                                            │
│ │       app = None                                                                                  │                                                                            │
│ │      self = <briefcase.platforms.android.gradle.GradleUpdateCommand object at 0x000001C49DFC42F0> │                                                                            │
│ │ test_mode = False                                                                                 │                                                                            │
│ ╰───────────────────────────────────────────────────────────────────────────────────────────────────╯                                                                            │
│                                                                                                                                                                                  │
│ C:\Users\Iuri\Desktop\Projetos\Monitoramento\Spy-mobile\venv\Lib\site-packages\briefcase\platforms\android\gradle.py:146 in verify_tools                                         │
│                                                                                                                                                                                  │
│   143 │   def verify_tools(self):                                                                                                                                                │
│   144 │   │   """Verify that the Android APK tools in `briefcase` will operate on this system,                                                                                   │
│   145 │   │   downloading tools as needed."""                                                                                                                                    │
│ ❱ 146 │   │   super().verify_tools()                                                                                                                                             │
│   147 │   │   AndroidSDK.verify(tools=self.tools)                                                                                                                                │
│   148 │   │   if not self.is_clone:                                                                                                                                              │
│   149 │   │   │   self.console.add_log_file_extra(self.tools.android_sdk.list_packages)                                                                                          │
│                                                                                                                                                                                  │
│ ╭─────────────────────────────────────────── locals ───────────────────────────────────────────╮                                                                                 │
│ │ self = <briefcase.platforms.android.gradle.GradleUpdateCommand object at 0x000001C49DFC42F0> │                                                                                 │
│ ╰──────────────────────────────────────────────────────────────────────────────────────────────╯                                                                                 │
│                                                                                                                                                                                  │
│ C:\Users\Iuri\Desktop\Projetos\Monitoramento\Spy-mobile\venv\Lib\site-packages\briefcase\commands\create.py:995 in verify_tools                                                  │
│                                                                                                                                                                                  │
│    992 │   │   Raises MissingToolException if a required system tool is missing.                                                                                                 │
│    993 │   │   """                                                                                                                                                               │
│    994 │   │   super().verify_tools()                                                                                                                                            │
│ ❱  995 │   │   Git.verify(tools=self.tools)                                                                                                                                      │
│    996 │                                                                                                                                                                         │
│    997 │   def verify_app_tools(self, app: AppConfig):                                                                                                                           │
│    998 │   │   """Verify that tools needed to run the command for this app exist."""                                                                                             │
│                                                                                                                                                                                  │
│ ╭─────────────────────────────────────────── locals ───────────────────────────────────────────╮                                                                                 │
│ │ self = <briefcase.platforms.android.gradle.GradleUpdateCommand object at 0x000001C49DFC42F0> │                                                                                 │
│ ╰──────────────────────────────────────────────────────────────────────────────────────────────╯                                                                                 │
│                                                                                                                                                                                  │
│ C:\Users\Iuri\Desktop\Projetos\Monitoramento\Spy-mobile\venv\Lib\site-packages\briefcase\integrations\base.py:78 in verify                                                       │
│                                                                                                                                                                                  │
│    75 │   ) -> ToolT:                                                                          ╭─────────────────────────────────── locals ────────────────────────────────────╮ │
│    76 │   │   """Confirm the tool is available and usable on the host platform."""             │    app = None                                                                 │ │
│    77 │   │   cls.verify_host(tools=tools)                                                     │ kwargs = {}                                                                   │ │
│ ❱  78 │   │   tool = cls.verify_install(tools=tools, app=app, **kwargs)                        │  tools = <briefcase.integrations.base.ToolCache object at 0x000001C49DFC4C20> │ │
│    79 │   │   return tool                                                                      ╰───────────────────────────────────────────────────────────────────────────────╯ │
│    80 │                                                                                                                                                                          │
│    81 │   @classmethod                                                                                                                                                           │
│                                                                                                                                                                                  │
│ C:\Users\Iuri\Desktop\Projetos\Monitoramento\Spy-mobile\venv\Lib\site-packages\briefcase\integrations\git.py:65 in verify_install                                                │
│                                                                                                                                                                                  │
│   62 │   │   │   │   ) from e                                                                 ╭─────────────────────────────────── locals ────────────────────────────────────╮  │
│   63 │   │   │                                                                                │ kwargs = {'app': None}                                                        │  │
│   64 │   │   │   else:                                                                        │  tools = <briefcase.integrations.base.ToolCache object at 0x000001C49DFC4C20> │  │
│ ❱ 65 │   │   │   │   raise BriefcaseCommandError(                                             ╰───────────────────────────────────────────────────────────────────────────────╯  │
│   66 │   │   │   │   │   f"""\                                                                                                                                                   │
│   67 Briefcase requires git, but it is not installed (or is not on your PATH). Visit:                                                                                            │
│   68                                                                                                                                                                             │
╰──────────────────────────────────────────────────────────────────────────────────────────────────────────────────────────────────────────────────────────────────────────────────╯
BriefcaseCommandError: Briefcase requires git, but it is not installed (or is not on your PATH). Visit:

    https://git-scm.com/

to download and install git manually.

If you have installed git recently and are still getting this error, you may
need to restart your terminal session.

