Date/Time:       2025-11-16 03:31:00 
Command line:    C:\Users\Iuri\AppData\Roaming\Python\Python313\site-packages\briefcase\__main__.py build android --no-input

OS Release:      Windows 11
OS Version:      10.0.26100
Architecture:    AMD64
Platform:        Windows-11-10.0.26100-SP0

Python exe:      C:\Python313\python.exe
Python version:  3.13.3 (tags/v3.13.3:6280bb5, Apr  8 2025, 14:47:33) [MSC v.1943 64 bit (AMD64)]
Virtual env:     False
Conda env:       False

Briefcase:       0.3.25
Target platform: android
Target format:   gradle

Environment Variables:
	ACLOCAL_PATH=C:\Program Files\Git\mingw64\share\aclocal;C:\Program Files\Git\usr\share\aclocal
	ALLUSERSPROFILE=C:\ProgramData
	APPDATA=C:\Users\Iuri\AppData\Roaming
	CHOCOLATEYINSTALL=C:\ProgramData\chocolatey
	CHOCOLATEYLASTPATHUPDATE=133887497030477345
	CHROME_CRASHPAD_PIPE_NAME=\\.\pipe\crashpad_15628_CIVIDEZZDPBDTYDV
	COLORTERM=truecolor
	COMMONPROGRAMFILES=C:\Program Files\Common Files
	COMMONPROGRAMFILES(X86)=C:\Program Files (x86)\Common Files
	COMMONPROGRAMW6432=C:\Program Files\Common Files
	COMPUTERNAME=DESKTOP-13L7BV8
	COMSPEC=C:\WINDOWS\system32\cmd.exe
	CONFIG_SITE=C:/Program Files/Git/etc/config.site
	DISPLAY=needs-to-be-defined
	DRIVERDATA=C:\Windows\System32\Drivers\DriverData
	EFC_8812_1592913036=1
	EXEPATH=C:\Program Files\Git\bin
	GIT_ASKPASS=********************
	HOME=C:\Users\Iuri
	HOMEDRIVE=C:
	HOMEPATH=\Users\Iuri
	HOSTNAME=DESKTOP-13L7BV8
	INFOPATH=C:\Program Files\Git\mingw64\local\info;C:\Program Files\Git\mingw64\share\info;C:\Program Files\Git\usr\local\info;C:\Program Files\Git\usr\share\info;C:\Program Files\Git\usr\info;C:\Program Files\Git\share\info
	JAVA_HOME=C:\Program Files\Java\jdk-25
	LANG=en_US.UTF-8
	LOCALAPPDATA=C:\Users\Iuri\AppData\Local
	LOGONSERVER=\\DESKTOP-13L7BV8
	MANPATH=C:\Program Files\Git\mingw64\local\man;C:\Program Files\Git\mingw64\share\man;C:\Program Files\Git\usr\local\man;C:\Program Files\Git\usr\share\man;C:\Program Files\Git\usr\man;C:\Program Files\Git\share\man
	MINGW_CHOST=x86_64-w64-mingw32
	MINGW_PACKAGE_PREFIX=mingw-w64-x86_64
	MINGW_PREFIX=C:/Program Files/Git/mingw64
	MSYSTEM=MINGW64
	MSYSTEM_CARCH=x86_64
	MSYSTEM_CHOST=x86_64-w64-mingw32
	MSYSTEM_PREFIX=C:/Program Files/Git/mingw64
	NUMBER_OF_PROCESSORS=4
	OLDPWD=C:/Users/Iuri/Desktop/Projetos/Monitoramento
	ONEDRIVE=C:\Users\Iuri\OneDrive
	OPENAI_API_KEY=********************
	ORIGINAL_PATH=C:\Program Files\Git\mingw64\bin;C:\Program Files\Git\usr\bin;C:\Users\Iuri\bin;C:\Program Files\Common Files\Oracle\Java\javapath;C:\Python313\Scripts;C:\Python313;C:\WINDOWS\system32;C:\WINDOWS;C:\WINDOWS\System32\Wbem;C:\WINDOWS\System32\WindowsPowerShell\v1.0;C:\WINDOWS\System32\OpenSSH;C:\Program Files\nodejs;C:\ProgramData\chocolatey\bin;C:\Program Files\dotnet;C:\Program Files\Docker\Docker\resources\bin;C:\Program Files\PowerShell\7;C:\Users\Iuri\miniconda3\minconda.3;C:\Users\Iuri\miniconda3\minconda.3\Library\mingw-w64\bin;C:\Users\Iuri\miniconda3\minconda.3\Library\usr\bin;C:\Users\Iuri\miniconda3\minconda.3\Library\bin;C:\Users\Iuri\miniconda3\minconda.3\Scripts;C:\Users\Iuri\AppData\Local\Programs\Python\Python312\Scripts;C:\Users\Iuri\AppData\Local\Programs\Python\Python312;C:\Users\Iuri\AppData\Local\Microsoft\WindowsApps;C:\Users\Iuri\AppData\Local\Programs\Microsoft VS Code\bin;C:\Users\Iuri\AppData\Roaming\npm;C:\Program Files\heroku\bin;C:\Users\Iuri\AppData\Local\Google\Cloud SDK\google-cloud-sdk\bin;C:\Users\Iuri\AppData\Local\Programs\Ollama;C:\Users\Iuri\AppData\Local\Programs\Fiddler;C:\Users\Iuri\.dotnet\tools;C:\Program Files\mitmproxy\bin;C:\Program Files\Java\jdk-25\bin
	ORIGINAL_TEMP=C:/Users/Iuri/AppData/Local/Temp
	ORIGINAL_TMP=C:/Users/Iuri/AppData/Local/Temp
	ORIGINAL_XDG_CURRENT_DESKTOP=undefined
	OS=Windows_NT
	PATH=C:\Users\Iuri\bin;C:\Program Files\Git\mingw64\bin;C:\Program Files\Git\usr\local\bin;C:\Program Files\Git\usr\bin;C:\Program Files\Git\usr\bin;C:\Program Files\Git\mingw64\bin;C:\Program Files\Git\usr\bin;C:\Users\Iuri\bin;C:\Program Files\Common Files\Oracle\Java\javapath;C:\Python313\Scripts;C:\Python313;C:\WINDOWS\system32;C:\WINDOWS;C:\WINDOWS\System32\Wbem;C:\WINDOWS\System32\WindowsPowerShell\v1.0;C:\WINDOWS\System32\OpenSSH;C:\Program Files\nodejs;C:\ProgramData\chocolatey\bin;C:\Program Files\dotnet;C:\Program Files\Docker\Docker\resources\bin;C:\Program Files\PowerShell\7;C:\Users\Iuri\miniconda3\minconda.3;C:\Users\Iuri\miniconda3\minconda.3\Library\mingw-w64\bin;C:\Users\Iuri\miniconda3\minconda.3\Library\usr\bin;C:\Users\Iuri\miniconda3\minconda.3\Library\bin;C:\Users\Iuri\miniconda3\minconda.3\Scripts;C:\Users\Iuri\AppData\Local\Programs\Python\Python312\Scripts;C:\Users\Iuri\AppData\Local\Programs\Python\Python312;C:\Users\Iuri\AppData\Local\Microsoft\WindowsApps;C:\Users\Iuri\AppData\Local\Programs\Microsoft VS Code\bin;C:\Users\Iuri\AppData\Roaming\npm;C:\Program Files\heroku\bin;C:\Users\Iuri\AppData\Local\Google\Cloud SDK\google-cloud-sdk\bin;C:\Users\Iuri\AppData\Local\Programs\Ollama;C:\Users\Iuri\AppData\Local\Programs\Fiddler;C:\Users\Iuri\.dotnet\tools;C:\Program Files\mitmproxy\bin;C:\Program Files\Java\jdk-25\bin;C:\Program Files\Git\usr\bin\vendor_perl;C:\Program Files\Git\usr\bin\core_perl
	PATHEXT=.COM;.EXE;.BAT;.CMD;.VBS;.VBE;.JS;.JSE;.WSF;.WSH;.MSC;.PY;.PYW
	PKG_CONFIG_PATH=C:\Program Files\Git\mingw64\lib\pkgconfig;C:\Program Files\Git\mingw64\share\pkgconfig
	PKG_CONFIG_SYSTEM_INCLUDE_PATH=C:/Program Files/Git/mingw64/include
	PKG_CONFIG_SYSTEM_LIBRARY_PATH=C:/Program Files/Git/mingw64/lib
	PLINK_PROTOCOL=ssh
	POWERSHELL_DISTRIBUTION_CHANNEL=MSI:Windows 10 Enterprise LTSC 2024
	PROCESSOR_ARCHITECTURE=AMD64
	PROCESSOR_IDENTIFIER=Intel64 Family 6 Model 142 Stepping 9, GenuineIntel
	PROCESSOR_LEVEL=6
	PROCESSOR_REVISION=8e09
	PROGRAMDATA=C:\ProgramData
	PROGRAMFILES=C:\Program Files
	PROGRAMFILES(X86)=C:\Program Files (x86)
	PROGRAMW6432=C:\Program Files
	PS1=\[]633;A\]\[\033]0;$TITLEPREFIX:$PWD\007\]\n\[\033[32m\]\u@\h \[\033[35m\]$MSYSTEM \[\033[33m\]\w\[\033[36m\]`__git_ps1`\[\033[0m\]\n$ \[]633;B\]
	PSMODULEPATH=C:\Program Files\WindowsPowerShell\Modules;C:\WINDOWS\system32\WindowsPowerShell\v1.0\Modules
	PUBLIC=C:\Users\Public
	PWD=C:/Users/Iuri/Desktop/Projetos/Monitoramento/Spy-mobile
	SESSIONNAME=Console
	SHELL=C:\Program Files\Git\usr\bin\bash.exe
	SHLVL=1
	SSH_ASKPASS=********************
	SYSTEMDRIVE=C:
	SYSTEMROOT=C:\WINDOWS
	TEMP=C:\Users\Iuri\AppData\Local\Temp
	TERM=xterm-256color
	TERM_PROGRAM=vscode
	TERM_PROGRAM_VERSION=1.99.6
	TMP=C:\Users\Iuri\AppData\Local\Temp
	TMPDIR=C:\Users\Iuri\AppData\Local\Temp
	USERDOMAIN=DESKTOP-13L7BV8
	USERDOMAIN_ROAMINGPROFILE=DESKTOP-13L7BV8
	USERNAME=Iuri
	USERPROFILE=C:\Users\Iuri
	VBOX_MSI_INSTALL_PATH=C:\Program Files\Oracle\VirtualBox\
	VSCODE_GIT_ASKPASS_EXTRA_ARGS=********************
	VSCODE_GIT_ASKPASS_MAIN=********************
	VSCODE_GIT_ASKPASS_NODE=********************
	VSCODE_GIT_IPC_HANDLE=\\.\pipe\vscode-git-190f844da1-sock
	WINDIR=C:\WINDOWS
	ZES_ENABLE_SYSMAN=1
	_=C:/Python313/python

pyproject.toml:
[spy_monitor_final_v2.0.0.apkbuild-system]
requires = ["briefcase"]

[tool.briefcase]
project_name = "SpyMonitor"
bundle = "org.beeware.spymonitor"
version = "2.0.0"
url = "https://147.79.111.118/"
license.file = "LICENSE"
author = "Iuri Rodrigues"
author_email = "irodti93@gmail.com"

[tool.briefcase.app.spymonitor]
formal_name = "Spy Monitor Pro"
description = "Advanced device monitoring and data collection app"
icon = "logo"
sources = ["spymonitor"]
requires = [
    "toga-android>=0.4.0",
    "requests>=2.28.0",
]
url_scheme = "spymonitor"

[tool.briefcase.app.spymonitor.macOS]
requires = []

[tool.briefcase.app.spymonitor.linux]
requires = []

[tool.briefcase.app.spymonitor.windows]
requires = []

[tool.briefcase.app.spymonitor.iOS]
requires = []

[tool.briefcase.app.spymonitor.android]
requires = [
    "toga-android>=0.4.0",
    "plyer>=2.1.0",
    "meson",
    "ninja",
]
build_gradle_dependencies = [
    "androidx.core:core-ktx:1.12.0",
    "androidx.lifecycle:lifecycle-viewmodel-ktx:2.7.0",
    "androidx.activity:activity-ktx:1.8.2",
    "androidx.appcompat:appcompat:1.6.1",
    "com.google.android.material:material:1.11.0",
    "androidx.work:work-runtime:2.8.1",
]
exclude_packages = [
    "toga-gtk",
    "pycairo",
    "pygobject",
    "toga-winforms",
    "toga-cocoa",
    "toga-iOS",
]
# PermissÃµes essenciais
permission_internet = true
permission_access_fine_location = true
permission_access_coarse_location = true
permission_read_phone_state = true
permission_read_external_storage = true
permission_write_external_storage = true
permission_camera = true
permission_record_audio = true
permission_read_contacts = true
permission_read_sms = true
permission_read_call_log = true
permission_access_network_state = true
permission_access_wifi_state = true
permission_wake_lock = true
permission_receive_boot_completed = true

Briefcase Log:
[03:29:57]                                                                                                                                                               java.py:111
           [Java JDK] Evaluating JAVA_HOME...                                                                                                                            java.py:111
           JAVA_HOME=C:\Program Files\Java\jdk-25                                                                                                                        java.py:112
                                                                                                                                                                   subprocess.py:838
           >>> Running Command:                                                                                                                                    subprocess.py:838
           >>>     'C:\Program Files\Java\jdk-25\bin\javac' -version                                                                                               subprocess.py:838
           >>> Working Directory:                                                                                                                                  subprocess.py:838
           >>>     C:\Users\Iuri\Desktop\Projetos\Monitoramento\Spy-mobile                                                                                         subprocess.py:838
           >>> Command Output:                                                                                                                                     subprocess.py:838
           >>>     javac 25                                                                                                                                        subprocess.py:838
           >>> Return code: 0                                                                                                                                      subprocess.py:838
                                                                                                                                                                   subprocess.py:838
                                                                                                                                                                         java.py:232
           *************************************************************************                                                                                     java.py:232
           ** WARNING: JAVA_HOME does not point to a Java 17 JDK                  **                                                                                     java.py:232
           *************************************************************************                                                                                     java.py:232
                                                                                                                                                                         java.py:232
               Android requires a Java 17 JDK, but the location pointed to by the                                                                                        java.py:232
               JAVA_HOME environment variable:                                                                                                                           java.py:232
                                                                                                                                                                         java.py:232
               C:\Program Files\Java\jdk-25                                                                                                                              java.py:232
                                                                                                                                                                         java.py:232
               isn't a Java 17 JDK (it appears to be Java 25).                                                                                                           java.py:232
                                                                                                                                                                         java.py:232
               Briefcase will proceed using its own JDK instance.                                                                                                        java.py:232
                                                                                                                                                                         java.py:232
           *************************************************************************                                                                                     java.py:232
           Using JDK at C:\Users\Iuri\AppData\Local\BeeWare\briefcase\Cache\tools\java17                                                                                 java.py:259
           Using Android SDK at C:\Users\Iuri\AppData\Local\BeeWare\briefcase\Cache\tools\android_sdk                                                             android_sdk.py:375
                                                                                                                                                                       gradle.py:319
           [spymonitor] Updating app metadata...                                                                                                                       gradle.py:319
           Setting main module... started                                                                                                                              gradle.py:302
           Setting main module... done                                                                                                                                 gradle.py:302
                                                                                                                                                                       gradle.py:322
           [spymonitor] Building Android APK...                                                                                                                        gradle.py:322
           Building... started                                                                                                                                         gradle.py:323
           Android emulator is already installed.                                                                                                                 android_sdk.py:650
                                                                                                                                                                   subprocess.py:838
           >>> Running Command:                                                                                                                                    subprocess.py:838
           >>>     'C:\Users\Iuri\Desktop\Projetos\Monitoramento\Spy-mobile\build\spymonitor\android\gradle\gradlew.bat' --console plain assembleDebug             subprocess.py:838
           >>> Working Directory:                                                                                                                                  subprocess.py:838
           >>>     C:\Users\Iuri\Desktop\Projetos\Monitoramento\Spy-mobile\build\spymonitor\android\gradle                                                         subprocess.py:838
           >>> Environment Overrides:                                                                                                                              subprocess.py:838
           >>>     ANDROID_HOME=C:\Users\Iuri\AppData\Local\BeeWare\briefcase\Cache\tools\android_sdk                                                              subprocess.py:838
           >>>     ANDROID_SDK_ROOT=C:\Users\Iuri\AppData\Local\BeeWare\briefcase\Cache\tools\android_sdk                                                          subprocess.py:838
           >>>     JAVA_HOME=C:\Users\Iuri\AppData\Local\BeeWare\briefcase\Cache\tools\java17                                                                      subprocess.py:838
[03:30:00] Starting a Gradle Daemon, 1 stopped Daemon could not be reused, use --status for details                                                                subprocess.py:195
[03:30:25] > Task :app:preBuild UP-TO-DATE                                                                                                                         subprocess.py:195
           > Task :app:preDebugBuild UP-TO-DATE                                                                                                                    subprocess.py:195
           > Task :app:mergeDebugNativeDebugMetadata NO-SOURCE                                                                                                     subprocess.py:195
[03:30:26] > Task :app:extractDebugPythonBuildPackages UP-TO-DATE                                                                                                  subprocess.py:195
[03:30:28]                                                                                                                                                         subprocess.py:195
           > Task :app:generateDebugPythonRequirements                                                                                                             subprocess.py:195
           Chaquopy: Installing for arm64-v8a                                                                                                                      subprocess.py:195
           Looking in indexes: https://pypi.org/simple, https://chaquo.com/pypi-13.1                                                                               subprocess.py:195
[03:30:30] Collecting toga>=0.4.0                                                                                                                                  subprocess.py:195
             Using cached toga-0.5.2-py3-none-any.whl (3.5 kB)                                                                                                     subprocess.py:195
           Collecting requests>=2.28.0                                                                                                                             subprocess.py:195
             Using cached requests-2.32.5-py3-none-any.whl (64 kB)                                                                                                 subprocess.py:195
[03:30:31] Collecting toga-android>=0.4.0                                                                                                                          subprocess.py:195
             Using cached toga_android-0.5.2-py3-none-any.whl (69 kB)                                                                                              subprocess.py:195
           Collecting plyer>=2.1.0                                                                                                                                 subprocess.py:195
             Using cached plyer-2.1.0-py2.py3-none-any.whl (142 kB)                                                                                                subprocess.py:195
[03:30:32] Collecting toga-gtk==0.5.2; sys_platform == "linux"                                                                                                     subprocess.py:195
             Using cached toga_gtk-0.5.2-py3-none-any.whl (71 kB)                                                                                                  subprocess.py:195
           Collecting idna<4,>=2.5                                                                                                                                 subprocess.py:195
             Using cached idna-3.11-py3-none-any.whl (71 kB)                                                                                                       subprocess.py:195
[03:30:33] Collecting certifi>=2017.4.17                                                                                                                           subprocess.py:195
             Using cached certifi-2025.11.12-py3-none-any.whl (159 kB)                                                                                             subprocess.py:195
           Collecting urllib3<3,>=1.21.1                                                                                                                           subprocess.py:195
             Using cached urllib3-2.5.0-py3-none-any.whl (129 kB)                                                                                                  subprocess.py:195
[03:30:34] Collecting charset_normalizer<4,>=2                                                                                                                     subprocess.py:195
             Using cached charset_normalizer-3.4.4-py3-none-any.whl (53 kB)                                                                                        subprocess.py:195
[03:30:35] Collecting toga-core==0.5.2                                                                                                                             subprocess.py:195
             Using cached toga_core-0.5.2-py3-none-any.whl (145 kB)                                                                                                subprocess.py:195
           Collecting pycairo>=1.17.0                                                                                                                              subprocess.py:195
             Using cached pycairo-1.29.0.tar.gz (665 kB)                                                                                                           subprocess.py:195
[03:30:36]   Installing build dependencies: started                                                                                                                subprocess.py:195
[03:30:49]   Installing build dependencies: finished with status 'done'                                                                                            subprocess.py:195
             Getting requirements to build wheel: started                                                                                                          subprocess.py:195
[03:30:50]   Getting requirements to build wheel: finished with status 'done'                                                                                      subprocess.py:195
             Installing backend dependencies: started                                                                                                              subprocess.py:195
[03:30:55]   Installing backend dependencies: finished with status 'done'                                                                                          subprocess.py:195
               Preparing wheel metadata: started                                                                                                                   subprocess.py:195
               Preparing wheel metadata: finished with status 'error'                                                                                              subprocess.py:195
               ERROR: Command errored out with exit status 1:                                                                                                      subprocess.py:195
                command: 'C:\Users\Iuri\Desktop\Projetos\Monitoramento\Spy-mobile\build\spymonitor\android\gradle\app\build\python\env\debug\Scripts\python.exe'   subprocess.py:195
           'C:\Users\Iuri\Desktop\Projetos\Monitoramento\Spy-mobile\build\spymonitor\android\gradle\app\build\python\env\debug\Lib\site-packages\pip\_vendor\pep51                  
           7\_in_process.py' prepare_metadata_for_build_wheel 'C:\Users\Iuri\AppData\Local\Temp\tmpifw2q8lw'                                                                        
                    cwd: C:\Users\Iuri\AppData\Local\Temp\pip-install-vvi7eco8\pycairo                                                                             subprocess.py:195
               Complete output (2 lines):                                                                                                                          subprocess.py:195
                                                                                                                                                                   subprocess.py:195
               meson-python: error: meson executable "meson" not found                                                                                             subprocess.py:195
               ----------------------------------------                                                                                                            subprocess.py:195
           ERROR: Failed to install pycairo>=1.17.0 from                                                                                                           subprocess.py:195
           https://files.pythonhosted.org/packages/22/d9/1728840a22a4ef8a8f479b9156aa2943cd98c3907accd3849fb0d5f82bfd/pycairo-1.29.0.tar.gz#sha256=f3f7fde97325cae                  
           80224c09f12564ef58d0d0f655da0e3b040f5807bd5bd3142 (from toga-gtk==0.5.2; sys_platform == "linux"->toga>=0.4.0->-r requirements.txt (line 2)).                            
           For assistance, please raise an issue at https://github.com/chaquo/chaquopy/issues.                                                                     subprocess.py:195
[03:30:56] Chaquopy: Exit status 1                                                                                                                                 subprocess.py:195
                                                                                                                                                                   subprocess.py:195
           > Task :app:generateDebugPythonRequirements FAILED                                                                                                      subprocess.py:195
                                                                                                                                                                   subprocess.py:195
           [Incubating] Problems report is available at:                                                                                                           subprocess.py:195
           file:///C:/Users/Iuri/Desktop/Projetos/Monitoramento/Spy-mobile/build/spymonitor/android/gradle/build/reports/problems/problems-report.html                              
                                                                                                                                                                   subprocess.py:195
           FAILURE: Build failed with an exception.                                                                                                                subprocess.py:195
                                                                                                                                                                   subprocess.py:195
           * What went wrong:                                                                                                                                      subprocess.py:195
           Execution failed for task ':app:generateDebugPythonRequirements'.                                                                                       subprocess.py:195
           > Process 'command                                                                                                                                      subprocess.py:195
           'C:\Users\Iuri\Desktop\Projetos\Monitoramento\Spy-mobile\build\spymonitor\android\gradle\app\build\python\env\debug\Scripts\python.exe'' finished with                   
           non-zero exit value 1                                                                                                                                                    
                                                                                                                                                                   subprocess.py:195
             To view full details in Android Studio:                                                                                                               subprocess.py:195
             * Click the 'Build: failed' caption to the left of this message.                                                                                      subprocess.py:195
             * Then scroll up to see the full output.                                                                                                              subprocess.py:195
                                                                                                                                                                   subprocess.py:195
           * Try:                                                                                                                                                  subprocess.py:195
           > Run with --stacktrace option to get the stack trace.                                                                                                  subprocess.py:195
           > Run with --info or --debug option to get more log output.                                                                                             subprocess.py:195
           > Run with --scan to get full insights.                                                                                                                 subprocess.py:195
           > Get more help at https://help.gradle.org.                                                                                                             subprocess.py:195
                                                                                                                                                                   subprocess.py:195
           Deprecated Gradle features were used in this build, making it incompatible with Gradle 9.0.                                                             subprocess.py:195
                                                                                                                                                                   subprocess.py:195
           You can use '--warning-mode all' to show the individual deprecation warnings and determine if they come from your own scripts or plugins.               subprocess.py:195
                                                                                                                                                                   subprocess.py:195
[03:30:57] For more on this, please refer to https://docs.gradle.org/8.13/userguide/command_line_interface.html#sec:command_line_warnings in the Gradle            subprocess.py:195
           documentation.                                                                                                                                                           
                                                                                                                                                                   subprocess.py:195
           BUILD FAILED in 58s                                                                                                                                     subprocess.py:195
           2 actionable tasks: 1 executed, 1 up-to-date                                                                                                            subprocess.py:195
           >>> Return code: 1                                                                                                                                      subprocess.py:838
                                                                                                                                                                   subprocess.py:838
           Building... errored                                                                                                                                         gradle.py:323
                                                                                                                                                                      __main__.py:42
           Error while building project.                                                                                                                              __main__.py:43
           Saving log... started                                                                                                                                      console.py:438

Main thread traceback:
â•­â”€â”€â”€â”€â”€â”€â”€â”€â”€â”€â”€â”€â”€â”€â”€â”€â”€â”€â”€â”€â”€â”€â”€â”€â”€â”€â”€â”€â”€â”€â”€â”€â”€â”€â”€â”€â”€â”€â”€â”€â”€â”€â”€â”€â”€â”€â”€â”€â”€â”€â”€â”€â”€â”€â”€â”€â”€â”€â”€â”€â”€â”€â”€â”€â”€â”€â”€â”€â”€â”€â”€ Traceback (most recent call last) â”€â”€â”€â”€â”€â”€â”€â”€â”€â”€â”€â”€â”€â”€â”€â”€â”€â”€â”€â”€â”€â”€â”€â”€â”€â”€â”€â”€â”€â”€â”€â”€â”€â”€â”€â”€â”€â”€â”€â”€â”€â”€â”€â”€â”€â”€â”€â”€â”€â”€â”€â”€â”€â”€â”€â”€â”€â”€â”€â”€â”€â”€â”€â”€â”€â”€â”€â”€â”€â”€â”€â”€â•®
â”‚ C:\Users\Iuri\AppData\Roaming\Python\Python313\site-packages\briefcase\platforms\android\gradle.py:325 in build_app                                                              â”‚
â”‚                                                                                                                                                                                  â”‚
â”‚   322 â”‚   â”‚   self.console.info("Building Android APK...", prefix=app.app_name)                                                                                                  â”‚
â”‚   323 â”‚   â”‚   with self.console.wait_bar("Building..."):                                                                                                                         â”‚
â”‚   324 â”‚   â”‚   â”‚   try:                                                                                                                                                           â”‚
â”‚ â± 325 â”‚   â”‚   â”‚   â”‚   self.run_gradle(app, ["assembleDebug"])                                                                                                                    â”‚
â”‚   326 â”‚   â”‚   â”‚   except subprocess.CalledProcessError as e:                                                                                                                     â”‚
â”‚   327 â”‚   â”‚   â”‚   â”‚   raise BriefcaseCommandError("Error while building project.") from e                                                                                        â”‚
â”‚   328                                                                                                                                                                            â”‚
â”‚                                                                                                                                                                                  â”‚
â”‚ â•­â”€â”€â”€â”€â”€â”€â”€â”€â”€â”€â”€â”€â”€â”€â”€â”€â”€â”€â”€â”€â”€â”€â”€â”€â”€â”€â”€â”€â”€â”€â”€â”€â”€â”€â”€â”€â”€â”€â”€â”€â”€â”€â”€ locals â”€â”€â”€â”€â”€â”€â”€â”€â”€â”€â”€â”€â”€â”€â”€â”€â”€â”€â”€â”€â”€â”€â”€â”€â”€â”€â”€â”€â”€â”€â”€â”€â”€â”€â”€â”€â”€â”€â”€â”€â”€â”€â”€â”€â•®                                                                                â”‚
â”‚ â”‚    app = <org.beeware.spymonitor.spymonitor v2.0.0 AppConfig>                                 â”‚                                                                                â”‚
â”‚ â”‚ kwargs = {}                                                                                   â”‚                                                                                â”‚
â”‚ â”‚   self = <briefcase.platforms.android.gradle.GradleBuildCommand object at 0x00000201E4A5DE80> â”‚                                                                                â”‚
â”‚ â•°â”€â”€â”€â”€â”€â”€â”€â”€â”€â”€â”€â”€â”€â”€â”€â”€â”€â”€â”€â”€â”€â”€â”€â”€â”€â”€â”€â”€â”€â”€â”€â”€â”€â”€â”€â”€â”€â”€â”€â”€â”€â”€â”€â”€â”€â”€â”€â”€â”€â”€â”€â”€â”€â”€â”€â”€â”€â”€â”€â”€â”€â”€â”€â”€â”€â”€â”€â”€â”€â”€â”€â”€â”€â”€â”€â”€â”€â”€â”€â”€â”€â”€â”€â”€â”€â”€â”€â”€â”€â”€â”€â”€â”€â”€â”€â•¯                                                                                â”‚
â”‚                                                                                                                                                                                  â”‚
â”‚ C:\Users\Iuri\AppData\Roaming\Python\Python313\site-packages\briefcase\platforms\android\gradle.py:119 in run_gradle                                                             â”‚
â”‚                                                                                                                                                                                  â”‚
â”‚   116 â”‚   â”‚   self.tools.android_sdk.verify_emulator()                                                                                                                           â”‚
â”‚   117 â”‚   â”‚                                                                                                                                                                      â”‚
â”‚   118 â”‚   â”‚   gradlew = "gradlew.bat" if self.tools.host_os == "Windows" else "gradlew"                                                                                          â”‚
â”‚ â± 119 â”‚   â”‚   self.tools.subprocess.run(                                                                                                                                         â”‚
â”‚   120 â”‚   â”‚   â”‚   # Windows needs the full path to `gradlew`; macOS & Linux can find it                                                                                          â”‚
â”‚   121 â”‚   â”‚   â”‚   # via `./gradlew`. For simplicity of implementation, we always provide                                                                                         â”‚
â”‚   122 â”‚   â”‚   â”‚   # the full path.                                                                                                                                               â”‚
â”‚                                                                                                                                                                                  â”‚
â”‚ â•­â”€â”€â”€â”€â”€â”€â”€â”€â”€â”€â”€â”€â”€â”€â”€â”€â”€â”€â”€â”€â”€â”€â”€â”€â”€â”€â”€â”€â”€â”€â”€â”€â”€â”€â”€â”€â”€â”€â”€â”€â”€â”€â”€â”€ locals â”€â”€â”€â”€â”€â”€â”€â”€â”€â”€â”€â”€â”€â”€â”€â”€â”€â”€â”€â”€â”€â”€â”€â”€â”€â”€â”€â”€â”€â”€â”€â”€â”€â”€â”€â”€â”€â”€â”€â”€â”€â”€â”€â”€â•®                                                                               â”‚
â”‚ â”‚     app = <org.beeware.spymonitor.spymonitor v2.0.0 AppConfig>                                 â”‚                                                                               â”‚
â”‚ â”‚    args = ['assembleDebug']                                                                    â”‚                                                                               â”‚
â”‚ â”‚ gradlew = 'gradlew.bat'                                                                        â”‚                                                                               â”‚
â”‚ â”‚    self = <briefcase.platforms.android.gradle.GradleBuildCommand object at 0x00000201E4A5DE80> â”‚                                                                               â”‚
â”‚ â•°â”€â”€â”€â”€â”€â”€â”€â”€â”€â”€â”€â”€â”€â”€â”€â”€â”€â”€â”€â”€â”€â”€â”€â”€â”€â”€â”€â”€â”€â”€â”€â”€â”€â”€â”€â”€â”€â”€â”€â”€â”€â”€â”€â”€â”€â”€â”€â”€â”€â”€â”€â”€â”€â”€â”€â”€â”€â”€â”€â”€â”€â”€â”€â”€â”€â”€â”€â”€â”€â”€â”€â”€â”€â”€â”€â”€â”€â”€â”€â”€â”€â”€â”€â”€â”€â”€â”€â”€â”€â”€â”€â”€â”€â”€â”€â”€â•¯                                                                               â”‚
â”‚                                                                                                                                                                                  â”‚
â”‚ C:\Users\Iuri\AppData\Roaming\Python\Python313\site-packages\briefcase\integrations\subprocess.py:142 in inner                                                                   â”‚
â”‚                                                                                                                                                                                  â”‚
â”‚   139 â”‚   â”‚   # Run subprocess command with or without console control                                                                                                           â”‚
â”‚   140 â”‚   â”‚   if remove_dynamic_elements:                                                                                                                                        â”‚
â”‚   141 â”‚   â”‚   â”‚   with sub.tools.console.release_console_control():                                                                                                              â”‚
â”‚ â± 142 â”‚   â”‚   â”‚   â”‚   return sub_method(sub, args, *wrapped_args, **wrapped_kwargs)                                                                                              â”‚
â”‚   143 â”‚   â”‚   else:                                                                                                                                                              â”‚
â”‚   144 â”‚   â”‚   â”‚   return sub_method(sub, args, *wrapped_args, **wrapped_kwargs)                                                                                                  â”‚
â”‚   145                                                                                                                                                                            â”‚
â”‚                                                                                                                                                                                  â”‚
â”‚ â•­â”€â”€â”€â”€â”€â”€â”€â”€â”€â”€â”€â”€â”€â”€â”€â”€â”€â”€â”€â”€â”€â”€â”€â”€â”€â”€â”€â”€â”€â”€â”€â”€â”€â”€â”€â”€â”€â”€â”€â”€â”€â”€â”€â”€â”€â”€â”€â”€â”€â”€â”€â”€â”€â”€â”€â”€â”€â”€â”€â”€â”€â”€â”€â”€â”€â”€â”€â”€â”€ locals â”€â”€â”€â”€â”€â”€â”€â”€â”€â”€â”€â”€â”€â”€â”€â”€â”€â”€â”€â”€â”€â”€â”€â”€â”€â”€â”€â”€â”€â”€â”€â”€â”€â”€â”€â”€â”€â”€â”€â”€â”€â”€â”€â”€â”€â”€â”€â”€â”€â”€â”€â”€â”€â”€â”€â”€â”€â”€â”€â”€â”€â”€â”€â”€â”€â”€â”€â”€â”€â”€â•®                            â”‚
â”‚ â”‚                    args = [                                                                                                                       â”‚                            â”‚
â”‚ â”‚                           â”‚   WindowsPath('C:/Users/Iuri/Desktop/Projetos/Monitoramento/Spy-mobile/build/spymonitor/android/gradle/gradlew.bat'), â”‚                            â”‚
â”‚ â”‚                           â”‚   '--console',                                                                                                        â”‚                            â”‚
â”‚ â”‚                           â”‚   'plain',                                                                                                            â”‚                            â”‚
â”‚ â”‚                           â”‚   'assembleDebug'                                                                                                     â”‚                            â”‚
â”‚ â”‚                           ]                                                                                                                       â”‚                            â”‚
â”‚ â”‚              executable = 'C:\\Users\\Iuri\\Desktop\\Projetos\\Monitoramento\\Spy-mobile\\build\\spymonitor\\android'+19                          â”‚                            â”‚
â”‚ â”‚ remove_dynamic_elements = True                                                                                                                    â”‚                            â”‚
â”‚ â”‚                     sub = <briefcase.integrations.subprocess.Subprocess object at 0x00000201E4A5EA50>                                             â”‚                            â”‚
â”‚ â”‚            wrapped_args = ()                                                                                                                      â”‚                            â”‚
â”‚ â”‚          wrapped_kwargs = {                                                                                                                       â”‚                            â”‚
â”‚ â”‚                           â”‚   'env': {                                                                                                            â”‚                            â”‚
â”‚ â”‚                           â”‚   â”‚   'ANDROID_HOME': 'C:\\Users\\Iuri\\AppData\\Local\\BeeWare\\briefcase\\Cache\\tools\\android_sdk',               â”‚                            â”‚
â”‚ â”‚                           â”‚   â”‚   'ANDROID_SDK_ROOT': 'C:\\Users\\Iuri\\AppData\\Local\\BeeWare\\briefcase\\Cache\\tools\\android_sdk',           â”‚                            â”‚
â”‚ â”‚                           â”‚   â”‚   'JAVA_HOME': 'C:\\Users\\Iuri\\AppData\\Local\\BeeWare\\briefcase\\Cache\\tools\\java17'                        â”‚                            â”‚
â”‚ â”‚                           â”‚   },                                                                                                                  â”‚                            â”‚
â”‚ â”‚                           â”‚   'cwd': WindowsPath('C:/Users/Iuri/Desktop/Projetos/Monitoramento/Spy-mobile/build/spymonitor/android/gradle'),      â”‚                            â”‚
â”‚ â”‚                           â”‚   'check': True,                                                                                                      â”‚                            â”‚
â”‚ â”‚                           â”‚   'encoding': 'CP1252'                                                                                                â”‚                            â”‚
â”‚ â”‚                           }                                                                                                                       â”‚                            â”‚
â”‚ â•°â”€â”€â”€â”€â”€â”€â”€â”€â”€â”€â”€â”€â”€â”€â”€â”€â”€â”€â”€â”€â”€â”€â”€â”€â”€â”€â”€â”€â”€â”€â”€â”€â”€â”€â”€â”€â”€â”€â”€â”€â”€â”€â”€â”€â”€â”€â”€â”€â”€â”€â”€â”€â”€â”€â”€â”€â”€â”€â”€â”€â”€â”€â”€â”€â”€â”€â”€â”€â”€â”€â”€â”€â”€â”€â”€â”€â”€â”€â”€â”€â”€â”€â”€â”€â”€â”€â”€â”€â”€â”€â”€â”€â”€â”€â”€â”€â”€â”€â”€â”€â”€â”€â”€â”€â”€â”€â”€â”€â”€â”€â”€â”€â”€â”€â”€â”€â”€â”€â”€â”€â”€â”€â”€â”€â”€â”€â”€â”€â”€â”€â”€â”€â”€â”€â”€â”€â”€â”€â”€â”€â”€â”€â”€â”€â”€â”€â”€â•¯                            â”‚
â”‚                                                                                                                                                                                  â”‚
â”‚ C:\Users\Iuri\AppData\Roaming\Python\Python313\site-packages\briefcase\integrations\subprocess.py:539 in run                                                                     â”‚
â”‚                                                                                                                                                                                  â”‚
â”‚   536 â”‚   â”‚   # caller sets stream_output=False, then ensure_console_is_safe() will                                                                                              â”‚
â”‚   537 â”‚   â”‚   # disable any dynamic console elements while the command runs.                                                                                                     â”‚
â”‚   538 â”‚   â”‚   if stream_output:                                                                                                                                                  â”‚
â”‚ â± 539 â”‚   â”‚   â”‚   return self._run_and_stream_output(args, filter_func=filter_func, **kwargs)                                                                                    â”‚
â”‚   540 â”‚   â”‚                                                                                                                                                                      â”‚
â”‚   541 â”‚   â”‚   # Can't filter non-streamed output.                                                                                                                                â”‚
â”‚   542 â”‚   â”‚   if filter_func:                                                                                                                                                    â”‚
â”‚                                                                                                                                                                                  â”‚
â”‚ â•­â”€â”€â”€â”€â”€â”€â”€â”€â”€â”€â”€â”€â”€â”€â”€â”€â”€â”€â”€â”€â”€â”€â”€â”€â”€â”€â”€â”€â”€â”€â”€â”€â”€â”€â”€â”€â”€â”€â”€â”€â”€â”€â”€â”€â”€â”€â”€â”€â”€â”€â”€â”€â”€â”€â”€â”€â”€â”€â”€â”€â”€â”€â”€â”€â”€â”€â”€â”€â”€â”€â”€â”€â”€â”€â”€â”€â”€â”€â”€â”€â”€â”€ locals â”€â”€â”€â”€â”€â”€â”€â”€â”€â”€â”€â”€â”€â”€â”€â”€â”€â”€â”€â”€â”€â”€â”€â”€â”€â”€â”€â”€â”€â”€â”€â”€â”€â”€â”€â”€â”€â”€â”€â”€â”€â”€â”€â”€â”€â”€â”€â”€â”€â”€â”€â”€â”€â”€â”€â”€â”€â”€â”€â”€â”€â”€â”€â”€â”€â”€â”€â”€â”€â”€â”€â”€â”€â”€â”€â”€â”€â”€â”€â”€â”€â”€â”€â•®  â”‚
â”‚ â”‚          args = [WindowsPath('C:/Users/Iuri/Desktop/Projetos/Monitoramento/Spy-mobile/build/spymonitor/android/gradle/gradlew.bat'), '--console', 'plain', 'assembleDebug'] â”‚  â”‚
â”‚ â”‚   filter_func = None                                                                                                                                                        â”‚  â”‚
â”‚ â”‚        kwargs = {                                                                                                                                                           â”‚  â”‚
â”‚ â”‚                 â”‚   'env': {                                                                                                                                                â”‚  â”‚
â”‚ â”‚                 â”‚   â”‚   'ANDROID_HOME': 'C:\\Users\\Iuri\\AppData\\Local\\BeeWare\\briefcase\\Cache\\tools\\android_sdk',                                                   â”‚  â”‚
â”‚ â”‚                 â”‚   â”‚   'ANDROID_SDK_ROOT': 'C:\\Users\\Iuri\\AppData\\Local\\BeeWare\\briefcase\\Cache\\tools\\android_sdk',                                               â”‚  â”‚
â”‚ â”‚                 â”‚   â”‚   'JAVA_HOME': 'C:\\Users\\Iuri\\AppData\\Local\\BeeWare\\briefcase\\Cache\\tools\\java17'                                                            â”‚  â”‚
â”‚ â”‚                 â”‚   },                                                                                                                                                      â”‚  â”‚
â”‚ â”‚                 â”‚   'cwd': WindowsPath('C:/Users/Iuri/Desktop/Projetos/Monitoramento/Spy-mobile/build/spymonitor/android/gradle'),                                          â”‚  â”‚
â”‚ â”‚                 â”‚   'check': True,                                                                                                                                          â”‚  â”‚
â”‚ â”‚                 â”‚   'encoding': 'CP1252'                                                                                                                                    â”‚  â”‚
â”‚ â”‚                 }                                                                                                                                                           â”‚  â”‚
â”‚ â”‚          self = <briefcase.integrations.subprocess.Subprocess object at 0x00000201E4A5EA50>                                                                                 â”‚  â”‚
â”‚ â”‚ stream_output = True                                                                                                                                                        â”‚  â”‚
â”‚ â•°â”€â”€â”€â”€â”€â”€â”€â”€â”€â”€â”€â”€â”€â”€â”€â”€â”€â”€â”€â”€â”€â”€â”€â”€â”€â”€â”€â”€â”€â”€â”€â”€â”€â”€â”€â”€â”€â”€â”€â”€â”€â”€â”€â”€â”€â”€â”€â”€â”€â”€â”€â”€â”€â”€â”€â”€â”€â”€â”€â”€â”€â”€â”€â”€â”€â”€â”€â”€â”€â”€â”€â”€â”€â”€â”€â”€â”€â”€â”€â”€â”€â”€â”€â”€â”€â”€â”€â”€â”€â”€â”€â”€â”€â”€â”€â”€â”€â”€â”€â”€â”€â”€â”€â”€â”€â”€â”€â”€â”€â”€â”€â”€â”€â”€â”€â”€â”€â”€â”€â”€â”€â”€â”€â”€â”€â”€â”€â”€â”€â”€â”€â”€â”€â”€â”€â”€â”€â”€â”€â”€â”€â”€â”€â”€â”€â”€â”€â”€â”€â”€â”€â”€â”€â”€â”€â”€â”€â”€â”€â”€â”€â”€â”€â”€â”€â”€â”€â”€â”€â”€â”€â”€â”€â•¯  â”‚
â”‚                                                                                                                                                                                  â”‚
â”‚ C:\Users\Iuri\AppData\Roaming\Python\Python313\site-packages\briefcase\integrations\subprocess.py:615 in _run_and_stream_output                                                  â”‚
â”‚                                                                                                                                                                                  â”‚
â”‚   612 â”‚   â”‚   self._log_return_code(return_code)                                                                                                                                 â”‚
â”‚   613 â”‚   â”‚                                                                                                                                                                      â”‚
â”‚   614 â”‚   â”‚   if check and return_code:                                                                                                                                          â”‚
â”‚ â± 615 â”‚   â”‚   â”‚   raise subprocess.CalledProcessError(return_code, args, stderr=stderr)                                                                                          â”‚
â”‚   616 â”‚   â”‚                                                                                                                                                                      â”‚
â”‚   617 â”‚   â”‚   return subprocess.CompletedProcess(args, return_code, stderr=stderr)                                                                                               â”‚
â”‚   618                                                                                                                                                                            â”‚
â”‚                                                                                                                                                                                  â”‚
â”‚ â•­â”€â”€â”€â”€â”€â”€â”€â”€â”€â”€â”€â”€â”€â”€â”€â”€â”€â”€â”€â”€â”€â”€â”€â”€â”€â”€â”€â”€â”€â”€â”€â”€â”€â”€â”€â”€â”€â”€â”€â”€â”€â”€â”€â”€â”€â”€â”€â”€â”€â”€â”€â”€â”€â”€â”€â”€â”€â”€â”€â”€â”€â”€â”€â”€â”€â”€â”€â”€â”€â”€â”€â”€â”€â”€â”€â”€â”€â”€â”€â”€â”€ locals â”€â”€â”€â”€â”€â”€â”€â”€â”€â”€â”€â”€â”€â”€â”€â”€â”€â”€â”€â”€â”€â”€â”€â”€â”€â”€â”€â”€â”€â”€â”€â”€â”€â”€â”€â”€â”€â”€â”€â”€â”€â”€â”€â”€â”€â”€â”€â”€â”€â”€â”€â”€â”€â”€â”€â”€â”€â”€â”€â”€â”€â”€â”€â”€â”€â”€â”€â”€â”€â”€â”€â”€â”€â”€â”€â”€â”€â”€â”€â”€â”€â”€â•®    â”‚
â”‚ â”‚        args = [WindowsPath('C:/Users/Iuri/Desktop/Projetos/Monitoramento/Spy-mobile/build/spymonitor/android/gradle/gradlew.bat'), '--console', 'plain', 'assembleDebug'] â”‚    â”‚
â”‚ â”‚       check = True                                                                                                                                                        â”‚    â”‚
â”‚ â”‚ filter_func = None                                                                                                                                                        â”‚    â”‚
â”‚ â”‚      kwargs = {                                                                                                                                                           â”‚    â”‚
â”‚ â”‚               â”‚   'env': {                                                                                                                                                â”‚    â”‚
â”‚ â”‚               â”‚   â”‚   'ANDROID_HOME': 'C:\\Users\\Iuri\\AppData\\Local\\BeeWare\\briefcase\\Cache\\tools\\android_sdk',                                                   â”‚    â”‚
â”‚ â”‚               â”‚   â”‚   'ANDROID_SDK_ROOT': 'C:\\Users\\Iuri\\AppData\\Local\\BeeWare\\briefcase\\Cache\\tools\\android_sdk',                                               â”‚    â”‚
â”‚ â”‚               â”‚   â”‚   'JAVA_HOME': 'C:\\Users\\Iuri\\AppData\\Local\\BeeWare\\briefcase\\Cache\\tools\\java17'                                                            â”‚    â”‚
â”‚ â”‚               â”‚   },                                                                                                                                                      â”‚    â”‚
â”‚ â”‚               â”‚   'cwd': WindowsPath('C:/Users/Iuri/Desktop/Projetos/Monitoramento/Spy-mobile/build/spymonitor/android/gradle'),                                          â”‚    â”‚
â”‚ â”‚               â”‚   'encoding': 'CP1252',                                                                                                                                   â”‚    â”‚
â”‚ â”‚               â”‚   'stdout': -1,                                                                                                                                           â”‚    â”‚
â”‚ â”‚               â”‚   'stderr': -2,                                                                                                                                           â”‚    â”‚
â”‚ â”‚               â”‚   'bufsize': 1                                                                                                                                            â”‚    â”‚
â”‚ â”‚               }                                                                                                                                                           â”‚    â”‚
â”‚ â”‚     process = <Popen: returncode: 1 args: ['C:\\Users\\Iuri\\Desktop\\Projetos\\Monitorame...>                                                                            â”‚    â”‚
â”‚ â”‚ return_code = 1                                                                                                                                                           â”‚    â”‚
â”‚ â”‚        self = <briefcase.integrations.subprocess.Subprocess object at 0x00000201E4A5EA50>                                                                                 â”‚    â”‚
â”‚ â”‚      stderr = None                                                                                                                                                        â”‚    â”‚
â”‚ â•°â”€â”€â”€â”€â”€â”€â”€â”€â”€â”€â”€â”€â”€â”€â”€â”€â”€â”€â”€â”€â”€â”€â”€â”€â”€â”€â”€â”€â”€â”€â”€â”€â”€â”€â”€â”€â”€â”€â”€â”€â”€â”€â”€â”€â”€â”€â”€â”€â”€â”€â”€â”€â”€â”€â”€â”€â”€â”€â”€â”€â”€â”€â”€â”€â”€â”€â”€â”€â”€â”€â”€â”€â”€â”€â”€â”€â”€â”€â”€â”€â”€â”€â”€â”€â”€â”€â”€â”€â”€â”€â”€â”€â”€â”€â”€â”€â”€â”€â”€â”€â”€â”€â”€â”€â”€â”€â”€â”€â”€â”€â”€â”€â”€â”€â”€â”€â”€â”€â”€â”€â”€â”€â”€â”€â”€â”€â”€â”€â”€â”€â”€â”€â”€â”€â”€â”€â”€â”€â”€â”€â”€â”€â”€â”€â”€â”€â”€â”€â”€â”€â”€â”€â”€â”€â”€â”€â”€â”€â”€â”€â”€â”€â”€â”€â”€â”€â”€â”€â”€â”€â”€â•¯    â”‚
â•°â”€â”€â”€â”€â”€â”€â”€â”€â”€â”€â”€â”€â”€â”€â”€â”€â”€â”€â”€â”€â”€â”€â”€â”€â”€â”€â”€â”€â”€â”€â”€â”€â”€â”€â”€â”€â”€â”€â”€â”€â”€â”€â”€â”€â”€â”€â”€â”€â”€â”€â”€â”€â”€â”€â”€â”€â”€â”€â”€â”€â”€â”€â”€â”€â”€â”€â”€â”€â”€â”€â”€â”€â”€â”€â”€â”€â”€â”€â”€â”€â”€â”€â”€â”€â”€â”€â”€â”€â”€â”€â”€â”€â”€â”€â”€â”€â”€â”€â”€â”€â”€â”€â”€â”€â”€â”€â”€â”€â”€â”€â”€â”€â”€â”€â”€â”€â”€â”€â”€â”€â”€â”€â”€â”€â”€â”€â”€â”€â”€â”€â”€â”€â”€â”€â”€â”€â”€â”€â”€â”€â”€â”€â”€â”€â”€â”€â”€â”€â”€â”€â”€â”€â”€â”€â”€â”€â”€â”€â”€â”€â”€â”€â”€â”€â”€â”€â”€â”€â”€â”€â”€â”€â”€â”€â”€â”€â”€â”€â•¯
CalledProcessError: Command '[WindowsPath('C:/Users/Iuri/Desktop/Projetos/Monitoramento/Spy-mobile/build/spymonitor/android/gradle/gradlew.bat'), '--console', 'plain', 'assembleDebug']' returned non-zero exit status 1.

The above exception was the direct cause of the following exception:

â•­â”€â”€â”€â”€â”€â”€â”€â”€â”€â”€â”€â”€â”€â”€â”€â”€â”€â”€â”€â”€â”€â”€â”€â”€â”€â”€â”€â”€â”€â”€â”€â”€â”€â”€â”€â”€â”€â”€â”€â”€â”€â”€â”€â”€â”€â”€â”€â”€â”€â”€â”€â”€â”€â”€â”€â”€â”€â”€â”€â”€â”€â”€â”€â”€â”€â”€â”€â”€â”€â”€â”€ Traceback (most recent call last) â”€â”€â”€â”€â”€â”€â”€â”€â”€â”€â”€â”€â”€â”€â”€â”€â”€â”€â”€â”€â”€â”€â”€â”€â”€â”€â”€â”€â”€â”€â”€â”€â”€â”€â”€â”€â”€â”€â”€â”€â”€â”€â”€â”€â”€â”€â”€â”€â”€â”€â”€â”€â”€â”€â”€â”€â”€â”€â”€â”€â”€â”€â”€â”€â”€â”€â”€â”€â”€â”€â”€â”€â•®
â”‚ C:\Users\Iuri\AppData\Roaming\Python\Python313\site-packages\briefcase\__main__.py:27 in main                                                                                    â”‚
â”‚                                                                                                                                                                                  â”‚
â”‚   24 â”‚   â”‚   â”‚   Path.cwd() / "pyproject.toml",                                                                                                                                  â”‚
â”‚   25 â”‚   â”‚   â”‚   overrides=overrides,                                                                                                                                            â”‚
â”‚   26 â”‚   â”‚   )                                                                                                                                                                   â”‚
â”‚ â± 27 â”‚   â”‚   command(**options)                                                                                                                                                  â”‚
â”‚   28 â”‚   except HelpText as e:                                                                                                                                                   â”‚
â”‚   29 â”‚   â”‚   console.info()                                                                                                                                                      â”‚
â”‚   30 â”‚   â”‚   console.info(str(e))                                                                                                                                                â”‚
â”‚                                                                                                                                                                                  â”‚
â”‚ â•­â”€â”€â”€â”€â”€â”€â”€â”€â”€â”€â”€â”€â”€â”€â”€â”€â”€â”€â”€â”€â”€â”€â”€â”€â”€â”€â”€â”€â”€â”€â”€â”€â”€â”€â”€â”€â”€â”€â”€â”€â”€â”€â”€â”€â”€â”€â”€ locals â”€â”€â”€â”€â”€â”€â”€â”€â”€â”€â”€â”€â”€â”€â”€â”€â”€â”€â”€â”€â”€â”€â”€â”€â”€â”€â”€â”€â”€â”€â”€â”€â”€â”€â”€â”€â”€â”€â”€â”€â”€â”€â”€â”€â”€â”€â”€â•®                                                                         â”‚
â”‚ â”‚       command = <briefcase.platforms.android.gradle.GradleBuildCommand object at 0x00000201E4A5DE80> â”‚                                                                         â”‚
â”‚ â”‚       console = <briefcase.console.Console object at 0x00000201E16A2E40>                             â”‚                                                                         â”‚
â”‚ â”‚             e = BriefcaseCommandError('Error while building project.')                               â”‚                                                                         â”‚
â”‚ â”‚ extra_cmdline = ['--no-input']                                                                       â”‚                                                                         â”‚
â”‚ â”‚       options = {                                                                                    â”‚                                                                         â”‚
â”‚ â”‚                 â”‚   'update': False,                                                                 â”‚                                                                         â”‚
â”‚ â”‚                 â”‚   'update_requirements': False,                                                    â”‚                                                                         â”‚
â”‚ â”‚                 â”‚   'update_support': False,                                                         â”‚                                                                         â”‚
â”‚ â”‚                 â”‚   'update_stub': False,                                                            â”‚                                                                         â”‚
â”‚ â”‚                 â”‚   'update_resources': False,                                                       â”‚                                                                         â”‚
â”‚ â”‚                 â”‚   'no_update': False,                                                              â”‚                                                                         â”‚
â”‚ â”‚                 â”‚   'test_mode': False                                                               â”‚                                                                         â”‚
â”‚ â”‚                 }                                                                                    â”‚                                                                         â”‚
â”‚ â”‚     overrides = {}                                                                                   â”‚                                                                         â”‚
â”‚ â”‚        result = 200                                                                                  â”‚                                                                         â”‚
â”‚ â•°â”€â”€â”€â”€â”€â”€â”€â”€â”€â”€â”€â”€â”€â”€â”€â”€â”€â”€â”€â”€â”€â”€â”€â”€â”€â”€â”€â”€â”€â”€â”€â”€â”€â”€â”€â”€â”€â”€â”€â”€â”€â”€â”€â”€â”€â”€â”€â”€â”€â”€â”€â”€â”€â”€â”€â”€â”€â”€â”€â”€â”€â”€â”€â”€â”€â”€â”€â”€â”€â”€â”€â”€â”€â”€â”€â”€â”€â”€â”€â”€â”€â”€â”€â”€â”€â”€â”€â”€â”€â”€â”€â”€â”€â”€â”€â”€â”€â”€â”€â”€â”€â”€â•¯                                                                         â”‚
â”‚                                                                                                                                                                                  â”‚
â”‚ C:\Users\Iuri\AppData\Roaming\Python\Python313\site-packages\briefcase\commands\build.py:154 in __call__                                                                         â”‚
â”‚                                                                                                                                                                                  â”‚
â”‚   151 â”‚   â”‚                                                                                                                                                                      â”‚
â”‚   152 â”‚   â”‚   state = None                                                                                                                                                       â”‚
â”‚   153 â”‚   â”‚   for _, app_obj in sorted(apps_to_build.items()):                                                                                                                   â”‚
â”‚ â± 154 â”‚   â”‚   â”‚   state = self._build_app(                                                                                                                                       â”‚
â”‚   155 â”‚   â”‚   â”‚   â”‚   app_obj,                                                                                                                                                   â”‚
â”‚   156 â”‚   â”‚   â”‚   â”‚   update=update,                                                                                                                                             â”‚
â”‚   157 â”‚   â”‚   â”‚   â”‚   update_requirements=update_requirements,                                                                                                                   â”‚
â”‚                                                                                                                                                                                  â”‚
â”‚ â•­â”€â”€â”€â”€â”€â”€â”€â”€â”€â”€â”€â”€â”€â”€â”€â”€â”€â”€â”€â”€â”€â”€â”€â”€â”€â”€â”€â”€â”€â”€â”€â”€â”€â”€â”€â”€â”€â”€â”€â”€â”€â”€â”€â”€â”€â”€â”€â”€â”€â”€ locals â”€â”€â”€â”€â”€â”€â”€â”€â”€â”€â”€â”€â”€â”€â”€â”€â”€â”€â”€â”€â”€â”€â”€â”€â”€â”€â”€â”€â”€â”€â”€â”€â”€â”€â”€â”€â”€â”€â”€â”€â”€â”€â”€â”€â”€â”€â”€â”€â”€â”€â•®                                                                   â”‚
â”‚ â”‚                   _ = 'spymonitor'                                                                         â”‚                                                                   â”‚
â”‚ â”‚                 app = None                                                                                 â”‚                                                                   â”‚
â”‚ â”‚            app_name = None                                                                                 â”‚                                                                   â”‚
â”‚ â”‚             app_obj = <org.beeware.spymonitor.spymonitor v2.0.0 AppConfig>                                 â”‚                                                                   â”‚
â”‚ â”‚       apps_to_build = {'spymonitor': <org.beeware.spymonitor.spymonitor v2.0.0 AppConfig>}                 â”‚                                                                   â”‚
â”‚ â”‚           no_update = False                                                                                â”‚                                                                   â”‚
â”‚ â”‚             options = {}                                                                                   â”‚                                                                   â”‚
â”‚ â”‚                self = <briefcase.platforms.android.gradle.GradleBuildCommand object at 0x00000201E4A5DE80> â”‚                                                                   â”‚
â”‚ â”‚               state = None                                                                                 â”‚                                                                   â”‚
â”‚ â”‚           test_mode = False                                                                                â”‚                                                                   â”‚
â”‚ â”‚              update = False                                                                                â”‚                                                                   â”‚
â”‚ â”‚ update_requirements = False                                                                                â”‚                                                                   â”‚
â”‚ â”‚    update_resources = False                                                                                â”‚                                                                   â”‚
â”‚ â”‚         update_stub = False                                                                                â”‚                                                                   â”‚
â”‚ â”‚      update_support = False                                                                                â”‚                                                                   â”‚
â”‚ â•°â”€â”€â”€â”€â”€â”€â”€â”€â”€â”€â”€â”€â”€â”€â”€â”€â”€â”€â”€â”€â”€â”€â”€â”€â”€â”€â”€â”€â”€â”€â”€â”€â”€â”€â”€â”€â”€â”€â”€â”€â”€â”€â”€â”€â”€â”€â”€â”€â”€â”€â”€â”€â”€â”€â”€â”€â”€â”€â”€â”€â”€â”€â”€â”€â”€â”€â”€â”€â”€â”€â”€â”€â”€â”€â”€â”€â”€â”€â”€â”€â”€â”€â”€â”€â”€â”€â”€â”€â”€â”€â”€â”€â”€â”€â”€â”€â”€â”€â”€â”€â”€â”€â”€â”€â”€â”€â”€â”€â•¯                                                                   â”‚
â”‚                                                                                                                                                                                  â”‚
â”‚ C:\Users\Iuri\AppData\Roaming\Python\Python313\site-packages\briefcase\commands\build.py:90 in _build_app                                                                        â”‚
â”‚                                                                                                                                                                                  â”‚
â”‚    87 â”‚   â”‚                                                                                                                                                                      â”‚
â”‚    88 â”‚   â”‚   self.verify_app(app)                                                                                                                                               â”‚
â”‚    89 â”‚   â”‚                                                                                                                                                                      â”‚
â”‚ â±  90 â”‚   â”‚   state = self.build_app(app, **full_options(state, options))                                                                                                        â”‚
â”‚    91 â”‚   â”‚                                                                                                                                                                      â”‚
â”‚    92 â”‚   â”‚   qualifier = " (test mode)" if app.test_mode else ""                                                                                                                â”‚
â”‚    93 â”‚   â”‚   self.console.info(                                                                                                                                                 â”‚
â”‚                                                                                                                                                                                  â”‚
â”‚ â•­â”€â”€â”€â”€â”€â”€â”€â”€â”€â”€â”€â”€â”€â”€â”€â”€â”€â”€â”€â”€â”€â”€â”€â”€â”€â”€â”€â”€â”€â”€â”€â”€â”€â”€â”€â”€â”€â”€â”€â”€â”€â”€â”€â”€â”€â”€â”€â”€â”€â”€ locals â”€â”€â”€â”€â”€â”€â”€â”€â”€â”€â”€â”€â”€â”€â”€â”€â”€â”€â”€â”€â”€â”€â”€â”€â”€â”€â”€â”€â”€â”€â”€â”€â”€â”€â”€â”€â”€â”€â”€â”€â”€â”€â”€â”€â”€â”€â”€â”€â”€â”€â•®                                                                   â”‚
â”‚ â”‚                 app = <org.beeware.spymonitor.spymonitor v2.0.0 AppConfig>                                 â”‚                                                                   â”‚
â”‚ â”‚           no_update = False                                                                                â”‚                                                                   â”‚
â”‚ â”‚             options = {}                                                                                   â”‚                                                                   â”‚
â”‚ â”‚                self = <briefcase.platforms.android.gradle.GradleBuildCommand object at 0x00000201E4A5DE80> â”‚                                                                   â”‚
â”‚ â”‚               state = None                                                                                 â”‚                                                                   â”‚
â”‚ â”‚              update = False                                                                                â”‚                                                                   â”‚
â”‚ â”‚ update_requirements = False                                                                                â”‚                                                                   â”‚
â”‚ â”‚    update_resources = False                                                                                â”‚                                                                   â”‚
â”‚ â”‚         update_stub = False                                                                                â”‚                                                                   â”‚
â”‚ â”‚      update_support = False                                                                                â”‚                                                                   â”‚
â”‚ â•°â”€â”€â”€â”€â”€â”€â”€â”€â”€â”€â”€â”€â”€â”€â”€â”€â”€â”€â”€â”€â”€â”€â”€â”€â”€â”€â”€â”€â”€â”€â”€â”€â”€â”€â”€â”€â”€â”€â”€â”€â”€â”€â”€â”€â”€â”€â”€â”€â”€â”€â”€â”€â”€â”€â”€â”€â”€â”€â”€â”€â”€â”€â”€â”€â”€â”€â”€â”€â”€â”€â”€â”€â”€â”€â”€â”€â”€â”€â”€â”€â”€â”€â”€â”€â”€â”€â”€â”€â”€â”€â”€â”€â”€â”€â”€â”€â”€â”€â”€â”€â”€â”€â”€â”€â”€â”€â”€â”€â•¯                                                                   â”‚
â”‚                                                                                                                                                                                  â”‚
â”‚ C:\Users\Iuri\AppData\Roaming\Python\Python313\site-packages\briefcase\platforms\android\gradle.py:327 in build_app                                                              â”‚
â”‚                                                                                                                                                                                  â”‚
â”‚   324 â”‚   â”‚   â”‚   try:                                                                                                                                                           â”‚
â”‚   325 â”‚   â”‚   â”‚   â”‚   self.run_gradle(app, ["assembleDebug"])                                                                                                                    â”‚
â”‚   326 â”‚   â”‚   â”‚   except subprocess.CalledProcessError as e:                                                                                                                     â”‚
â”‚ â± 327 â”‚   â”‚   â”‚   â”‚   raise BriefcaseCommandError("Error while building project.") from e                                                                                        â”‚
â”‚   328                                                                                                                                                                            â”‚
â”‚   329                                                                                                                                                                            â”‚
â”‚   330 class GradleRunCommand(GradleMixin, RunCommand):                                                                                                                           â”‚
â”‚                                                                                                                                                                                  â”‚
â”‚ â•­â”€â”€â”€â”€â”€â”€â”€â”€â”€â”€â”€â”€â”€â”€â”€â”€â”€â”€â”€â”€â”€â”€â”€â”€â”€â”€â”€â”€â”€â”€â”€â”€â”€â”€â”€â”€â”€â”€â”€â”€â”€â”€â”€ locals â”€â”€â”€â”€â”€â”€â”€â”€â”€â”€â”€â”€â”€â”€â”€â”€â”€â”€â”€â”€â”€â”€â”€â”€â”€â”€â”€â”€â”€â”€â”€â”€â”€â”€â”€â”€â”€â”€â”€â”€â”€â”€â”€â”€â•®                                                                                â”‚
â”‚ â”‚    app = <org.beeware.spymonitor.spymonitor v2.0.0 AppConfig>                                 â”‚                                                                                â”‚
â”‚ â”‚ kwargs = {}                                                                                   â”‚                                                                                â”‚
â”‚ â”‚   self = <briefcase.platforms.android.gradle.GradleBuildCommand object at 0x00000201E4A5DE80> â”‚                                                                                â”‚
â”‚ â•°â”€â”€â”€â”€â”€â”€â”€â”€â”€â”€â”€â”€â”€â”€â”€â”€â”€â”€â”€â”€â”€â”€â”€â”€â”€â”€â”€â”€â”€â”€â”€â”€â”€â”€â”€â”€â”€â”€â”€â”€â”€â”€â”€â”€â”€â”€â”€â”€â”€â”€â”€â”€â”€â”€â”€â”€â”€â”€â”€â”€â”€â”€â”€â”€â”€â”€â”€â”€â”€â”€â”€â”€â”€â”€â”€â”€â”€â”€â”€â”€â”€â”€â”€â”€â”€â”€â”€â”€â”€â”€â”€â”€â”€â”€â”€â•¯                                                                                â”‚
â•°â”€â”€â”€â”€â”€â”€â”€â”€â”€â”€â”€â”€â”€â”€â”€â”€â”€â”€â”€â”€â”€â”€â”€â”€â”€â”€â”€â”€â”€â”€â”€â”€â”€â”€â”€â”€â”€â”€â”€â”€â”€â”€â”€â”€â”€â”€â”€â”€â”€â”€â”€â”€â”€â”€â”€â”€â”€â”€â”€â”€â”€â”€â”€â”€â”€â”€â”€â”€â”€â”€â”€â”€â”€â”€â”€â”€â”€â”€â”€â”€â”€â”€â”€â”€â”€â”€â”€â”€â”€â”€â”€â”€â”€â”€â”€â”€â”€â”€â”€â”€â”€â”€â”€â”€â”€â”€â”€â”€â”€â”€â”€â”€â”€â”€â”€â”€â”€â”€â”€â”€â”€â”€â”€â”€â”€â”€â”€â”€â”€â”€â”€â”€â”€â”€â”€â”€â”€â”€â”€â”€â”€â”€â”€â”€â”€â”€â”€â”€â”€â”€â”€â”€â”€â”€â”€â”€â”€â”€â”€â”€â”€â”€â”€â”€â”€â”€â”€â”€â”€â”€â”€â”€â”€â”€â”€â”€â”€â”€â•¯
BriefcaseCommandError: Error while building project.
           Collecting extra information for log... started                                                                                                            console.py:473
                                                                                                                                                                      console.py:477
           Extra information:                                                                                                                                         console.py:478
                                                                                                                                                                   subprocess.py:838
           >>> Running Command:                                                                                                                                    subprocess.py:838
           >>>     'C:\Users\Iuri\AppData\Local\BeeWare\briefcase\Cache\tools\android_sdk\cmdline-tools\19.0\bin\sdkmanager.bat' --list_installed                  subprocess.py:838
           >>> Working Directory:                                                                                                                                  subprocess.py:838
[03:30:58] >>>     C:\Users\Iuri\Desktop\Projetos\Monitoramento\Spy-mobile                                                                                         subprocess.py:838
           >>> Environment Overrides:                                                                                                                              subprocess.py:838
           >>>     ANDROID_HOME=C:\Users\Iuri\AppData\Local\BeeWare\briefcase\Cache\tools\android_sdk                                                              subprocess.py:838
           >>>     ANDROID_SDK_ROOT=C:\Users\Iuri\AppData\Local\BeeWare\briefcase\Cache\tools\android_sdk                                                          subprocess.py:838
           >>>     JAVA_HOME=C:\Users\Iuri\AppData\Local\BeeWare\briefcase\Cache\tools\java17                                                                      subprocess.py:838
[03:31:00] >>> Command Output:                                                                                                                                     subprocess.py:838
           >>>     Loading package information...                                                                                                                  subprocess.py:838
           >>>     Loading local repository...                                                                                                                     subprocess.py:838
           >>>     [=========                              ] 25% Loading local repository...                                                                       subprocess.py:838
           >>>     [=========                              ] 25% Fetch remote repository...                                                                        subprocess.py:838
           >>>     [=======================================] 100% Fetch remote repository...                                                                       subprocess.py:838
           >>>                                                                                                                                                     subprocess.py:838
           >>>     Installed packages:                                                                                                                             subprocess.py:838
           >>>       Path                 | Version | Description                | Location                                                                        subprocess.py:838
           >>>       -------              | ------- | -------                    | -------                                                                         subprocess.py:838
           >>>       build-tools;35.0.0   | 35.0.0  | Android SDK Build-Tools 35 | build-tools\35.0.0                                                              subprocess.py:838
           >>>       emulator             | 36.2.12 | Android Emulator           | emulator                                                                        subprocess.py:838
           >>>       platform-tools       | 36.0.0  | Android SDK Platform-Tools | platform-tools                                                                  subprocess.py:838
           >>>       platforms;android-35 | 2       | Android SDK Platform 35    | platforms\android-35                                                            subprocess.py:838
           >>>                                                                                                                                                     subprocess.py:838
           >>> Return code: 0                                                                                                                                      subprocess.py:838
                                                                                                                                                                   subprocess.py:838
           Collecting extra information for log... done                                                                                                               console.py:473
