Date/Time:       2025-11-09 16:57:28 
Command line:    C:\Users\Iuri\AppData\Roaming\Python\Python313\site-packages\briefcase\__main__.py dev

OS Release:      Windows 11
OS Version:      10.0.26100
Architecture:    AMD64
Platform:        Windows-11-10.0.26100-SP0

Python exe:      C:\Python313\python.exe
Python version:  3.13.3 (tags/v3.13.3:6280bb5, Apr  8 2025, 14:47:33) [MSC v.1943 64 bit (AMD64)]
Virtual env:     False
Conda env:       False

Briefcase:       0.3.25
Target platform: windows
Target format:   app

Environment Variables:
	ALLUSERSPROFILE=C:\ProgramData
	APPDATA=C:\Users\Iuri\AppData\Roaming
	BLACKBOX_ACTIVE=true
	CHOCOLATEYINSTALL=C:\ProgramData\chocolatey
	CHOCOLATEYLASTPATHUPDATE=133887497030477345
	CHROME_CRASHPAD_PIPE_NAME=\\.\pipe\crashpad_3332_LSSOMXUQUNBQLFOR
	COLORTERM=truecolor
	COMMONPROGRAMFILES=C:\Program Files\Common Files
	COMMONPROGRAMFILES(X86)=C:\Program Files (x86)\Common Files
	COMMONPROGRAMW6432=C:\Program Files\Common Files
	COMPUTERNAME=DESKTOP-13L7BV8
	COMSPEC=C:\WINDOWS\system32\cmd.exe
	DRIVERDATA=C:\Windows\System32\Drivers\DriverData
	EFC_8088_1262719628=1
	EFC_8088_1592913036=1
	EFC_8088_2283032206=1
	EFC_8088_2775293581=1
	EFC_8088_3789132940=1
	FPS_BROWSER_APP_PROFILE_STRING=Internet Explorer
	FPS_BROWSER_USER_PROFILE_STRING=Default
	GIT_ASKPASS=********************
	HOMEDRIVE=C:
	HOMEPATH=\Users\Iuri
	JAVA_HOME=C:\Program Files\Java\jdk-25
	LANG=en_US.UTF-8
	LOCALAPPDATA=C:\Users\Iuri\AppData\Local
	LOGONSERVER=\\DESKTOP-13L7BV8
	NUMBER_OF_PROCESSORS=4
	ONEDRIVE=C:\Users\Iuri\OneDrive
	OPENAI_API_KEY=********************
	ORIGINAL_XDG_CURRENT_DESKTOP=undefined
	OS=Windows_NT
	PATH=C:\Program Files\PowerShell\7;C:\Program Files\Common Files\Oracle\Java\javapath;C:\Python313\Scripts\;C:\Python313\;C:\WINDOWS\system32;C:\WINDOWS;C:\WINDOWS\System32\Wbem;C:\WINDOWS\System32\WindowsPowerShell\v1.0\;C:\WINDOWS\System32\OpenSSH\;C:\Program Files\nodejs\;C:\ProgramData\chocolatey\bin;C:\Program Files\dotnet\;C:\Program Files\Docker\Docker\resources\bin;C:\Program Files\PowerShell\7\;C:\Users\Iuri\miniconda3\minconda.3;C:\Users\Iuri\miniconda3\minconda.3\Library\mingw-w64\bin;C:\Users\Iuri\miniconda3\minconda.3\Library\usr\bin;C:\Users\Iuri\miniconda3\minconda.3\Library\bin;C:\Users\Iuri\miniconda3\minconda.3\Scripts;C:\Users\Iuri\AppData\Local\Programs\Python\Python312\Scripts\;C:\Users\Iuri\AppData\Local\Programs\Python\Python312\;C:\Users\Iuri\AppData\Local\Microsoft\WindowsApps;C:\Users\Iuri\AppData\Local\Programs\Microsoft VS Code\bin;C:\Users\Iuri\AppData\Roaming\npm;C:\Program Files\heroku\bin;C:\Users\Iuri\AppData\Local\Google\Cloud SDK\google-cloud-sdk\bin;C:\Users\Iuri\AppData\Local\Programs\Ollama;C:\Users\Iuri\AppData\Local\Programs\Fiddler;C:\Users\Iuri\.dotnet\tools;C:\Program Files\mitmproxy\bin;C:\Program Files\Java\jdk-25\bin;
	PATHEXT=.COM;.EXE;.BAT;.CMD;.VBS;.VBE;.JS;.JSE;.WSF;.WSH;.MSC;.PY;.PYW;.CPL
	POWERSHELL_DISTRIBUTION_CHANNEL=MSI:Windows 10 Enterprise LTSC 2024
	PROCESSOR_ARCHITECTURE=AMD64
	PROCESSOR_IDENTIFIER=Intel64 Family 6 Model 142 Stepping 9, GenuineIntel
	PROCESSOR_LEVEL=6
	PROCESSOR_REVISION=8e09
	PROGRAMDATA=C:\ProgramData
	PROGRAMFILES=C:\Program Files
	PROGRAMFILES(X86)=C:\Program Files (x86)
	PROGRAMW6432=C:\Program Files
	PSMODULEPATH=C:\Users\Iuri\Documents\PowerShell\Modules;C:\Program Files\PowerShell\Modules;c:\program files\powershell\7\Modules;C:\Program Files\WindowsPowerShell\Modules;C:\WINDOWS\system32\WindowsPowerShell\v1.0\Modules
	PUBLIC=C:\Users\Public
	SESSIONNAME=Console
	SYSTEMDRIVE=C:
	SYSTEMROOT=C:\WINDOWS
	TEMP=C:\Users\Iuri\AppData\Local\Temp
	TERM_PROGRAM=vscode
	TERM_PROGRAM_VERSION=1.99.6
	TMP=C:\Users\Iuri\AppData\Local\Temp
	USERDOMAIN=DESKTOP-13L7BV8
	USERDOMAIN_ROAMINGPROFILE=DESKTOP-13L7BV8
	USERNAME=Iuri
	USERPROFILE=C:\Users\Iuri
	VBOX_MSI_INSTALL_PATH=C:\Program Files\Oracle\VirtualBox\
	VSCODE_GIT_ASKPASS_EXTRA_ARGS=********************
	VSCODE_GIT_ASKPASS_MAIN=********************
	VSCODE_GIT_ASKPASS_NODE=********************
	VSCODE_GIT_IPC_HANDLE=\\.\pipe\vscode-git-190f844da1-sock
	VSCODE_INJECTION=1
	WINDIR=C:\WINDOWS
	ZES_ENABLE_SYSMAN=1

pyproject.toml:
[build-system]
requires = ["briefcase"]

[tool.briefcase]
project_name = "Calcme"
bundle = "org.beeware.calcme"
version = "1.2.0"
url = "https://iurirodriguesdev.web.app/"
license.file = "LICENSE"
author = "Iuri Rodrigues"
author_email = "irodti93@gmail.com"

[tool.briefcase.app.calcme]
formal_name = "Cronometro"
description = "A monitoring app for device tracking"
icon = "logo"
sources = ["calcme", "."]
requires = [
    "toga-android",
    "requests",
    "pillow",
    "plyer",
    "psutil",
]

[tool.briefcase.app.calcme.macOS]
requires = []

[tool.briefcase.app.calcme.linux]
requires = []

[tool.briefcase.app.calcme.windows]
requires = []

[tool.briefcase.app.calcme.iOS]
requires = []

[tool.briefcase.app.calcme.android]
requires = [
    "toga-android",
]
build_gradle_dependencies = [
    "androidx.core:core-ktx:1.12.0",
    "androidx.lifecycle:lifecycle-viewmodel-ktx:2.7.0",
    "androidx.activity:activity-ktx:1.8.2",
    "androidx.appcompat:appcompat:1.6.1",
    "com.google.android.material:material:1.11.0",
]
exclude_packages = [
    "toga-gtk",
    "pycairo",
    "pygobject",
]
permission_internet = true
permission_access_network_state = true
permission_access_wifi_state = true
permission_access_fine_location = true
permission_access_coarse_location = true
permission_read_external_storage = true
permission_write_external_storage = true
permission_read_contacts = true
permission_read_sms = true
permission_read_call_log = true
permission_read_phone_state = true
permission_battery_stats = true
permission_camera = true
permission_record_audio = true
permission_package_usage_stats = true
permission_request_ignore_battery_optimizations = true

Briefcase Log:
[16:56:57]                                                                                                                                                                dev.py:238
           [calcme] Installing requirements...                                                                                                                            dev.py:238
           Installing dev requirements... started                                                                                                                          dev.py:89
                                                                                                                                                                   subprocess.py:838
           >>> Running Command:                                                                                                                                    subprocess.py:838
           >>>     'C:\Python313\python.exe' -u -X utf8 -m pip install --upgrade toga-android requests pillow plyer psutil                                         subprocess.py:838
           >>> Working Directory:                                                                                                                                  subprocess.py:838
           >>>     C:\Users\Iuri\Desktop\Projetos\Monitoramento\Spy-mobile                                                                                         subprocess.py:838
[16:57:01] Defaulting to user installation because normal site-packages is not writeable                                                                           subprocess.py:195
[16:57:04] WARNING: Ignoring invalid distribution ~ip (C:\Users\Iuri\AppData\Roaming\Python\Python313\site-packages)                                               subprocess.py:195
           WARNING: Ignoring invalid distribution ~jango (C:\Users\Iuri\AppData\Roaming\Python\Python313\site-packages)                                            subprocess.py:195
[16:57:06] Collecting toga-android                                                                                                                                 subprocess.py:195
[16:57:08]   Downloading toga_android-0.5.2-py3-none-any.whl.metadata (3.6 kB)                                                                                     subprocess.py:195
           Requirement already satisfied: requests in c:\users\iuri\appdata\roaming\python\python313\site-packages (2.31.0)                                        subprocess.py:195
           Collecting requests                                                                                                                                     subprocess.py:195
             Using cached requests-2.32.5-py3-none-any.whl.metadata (4.9 kB)                                                                                       subprocess.py:195
           Requirement already satisfied: pillow in c:\users\iuri\appdata\roaming\python\python313\site-packages (11.3.0)                                          subprocess.py:195
[16:57:09] Collecting pillow                                                                                                                                       subprocess.py:195
             Using cached pillow-12.0.0-cp313-cp313-win_amd64.whl.metadata (9.0 kB)                                                                                subprocess.py:195
           Requirement already satisfied: plyer in c:\python313\lib\site-packages (2.1.0)                                                                          subprocess.py:195
           Requirement already satisfied: psutil in c:\users\iuri\appdata\roaming\python\python313\site-packages (7.1.3)                                           subprocess.py:195
[16:57:10] Requirement already satisfied: toga-core==0.5.2 in c:\users\iuri\appdata\roaming\python\python313\site-packages (from toga-android) (0.5.2)             subprocess.py:195
           Requirement already satisfied: travertino==0.5.2 in c:\users\iuri\appdata\roaming\python\python313\site-packages (from toga-core==0.5.2->toga-android)  subprocess.py:195
           (0.5.2)                                                                                                                                                                  
           Requirement already satisfied: charset_normalizer<4,>=2 in c:\users\iuri\appdata\roaming\python\python313\site-packages (from requests) (3.4.2)         subprocess.py:195
           Requirement already satisfied: idna<4,>=2.5 in c:\users\iuri\appdata\roaming\python\python313\site-packages (from requests) (3.10)                      subprocess.py:195
           Requirement already satisfied: urllib3<3,>=1.21.1 in c:\users\iuri\appdata\roaming\python\python313\site-packages (from requests) (2.5.0)               subprocess.py:195
           Requirement already satisfied: certifi>=2017.4.17 in c:\users\iuri\appdata\roaming\python\python313\site-packages (from requests) (2025.8.3)            subprocess.py:195
           Downloading toga_android-0.5.2-py3-none-any.whl (69 kB)                                                                                                 subprocess.py:195
           Using cached requests-2.32.5-py3-none-any.whl (64 kB)                                                                                                   subprocess.py:195
           Using cached pillow-12.0.0-cp313-cp313-win_amd64.whl (7.0 MB)                                                                                           subprocess.py:195
[16:57:12] WARNING: Ignoring invalid distribution ~ip (C:\Users\Iuri\AppData\Roaming\Python\Python313\site-packages)                                               subprocess.py:195
           WARNING: Ignoring invalid distribution ~jango (C:\Users\Iuri\AppData\Roaming\Python\Python313\site-packages)                                            subprocess.py:195
           Installing collected packages: requests, pillow, toga-android                                                                                           subprocess.py:195
             Attempting uninstall: requests                                                                                                                        subprocess.py:195
               Found existing installation: requests 2.31.0                                                                                                        subprocess.py:195
               Uninstalling requests-2.31.0:                                                                                                                       subprocess.py:195
                 Successfully uninstalled requests-2.31.0                                                                                                          subprocess.py:195
[16:57:13]   Attempting uninstall: pillow                                                                                                                          subprocess.py:195
               Found existing installation: pillow 11.3.0                                                                                                          subprocess.py:195
[16:57:14]     Uninstalling pillow-11.3.0:                                                                                                                         subprocess.py:195
                 Successfully uninstalled pillow-11.3.0                                                                                                            subprocess.py:195
[16:57:22]   WARNING: Failed to remove contents in a temporary directory 'C:\Users\Iuri\AppData\Roaming\Python\Python313\site-packages\~il'.                       subprocess.py:195
             You can safely remove it manually.                                                                                                                    subprocess.py:195
[16:57:24]                                                                                                                                                         subprocess.py:195
           WARNING: Ignoring invalid distribution ~ip (C:\Users\Iuri\AppData\Roaming\Python\Python313\site-packages)                                               subprocess.py:195
           WARNING: Ignoring invalid distribution ~jango (C:\Users\Iuri\AppData\Roaming\Python\Python313\site-packages)                                            subprocess.py:195
           Successfully installed pillow-12.0.0 requests-2.32.5 toga-android-0.5.2                                                                                 subprocess.py:195
[16:57:25] >>> Return code: 0                                                                                                                                      subprocess.py:838
                                                                                                                                                                   subprocess.py:838
           Installing dev requirements... done                                                                                                                             dev.py:89
                                                                                                                                                                          dev.py:248
           [calcme] Starting in dev mode...                                                                                                                               dev.py:248
                                                                                                                                                                   subprocess.py:838
           >>> Running Command:                                                                                                                                    subprocess.py:838
           >>>     'C:\Python313\python.exe' -c 'import runpy, sys;sys.path.pop(0);sys.argv.extend([]);runpy.run_module("calcme", run_name="__main__",             subprocess.py:838
           alter_sys=True)'                                                                                                                                                         
           >>> Working Directory:                                                                                                                                  subprocess.py:838
           >>>     C:\Users\Iuri                                                                                                                                   subprocess.py:838
           >>> Environment Overrides:                                                                                                                              subprocess.py:838
           >>>     PYTHONPATH=C:\Users\Iuri\Desktop\Projetos\Monitoramento\Spy-mobile                                                                              subprocess.py:838
           >>>     PYTHONMALLOC=default                                                                                                                            subprocess.py:838
           >>>     PYTHONUNBUFFERED=1                                                                                                                              subprocess.py:838
           >>>     PYTHONDEVMODE=1                                                                                                                                 subprocess.py:838
           >>>     PYTHONUTF8=1                                                                                                                                    subprocess.py:838
           ===========================================================================                                                                                    run.py:169
[16:57:26] INFO: Device utils OK                                                                                                                                   subprocess.py:195
           INFO: GPS utils OK                                                                                                                                      subprocess.py:195
           INFO: Network utils OK                                                                                                                                  subprocess.py:195
           INFO: Apps utils OK                                                                                                                                     subprocess.py:195
           INFO: Social utils OK                                                                                                                                   subprocess.py:195
           INFO: Screenshot utils OK                                                                                                                               subprocess.py:195
           Traceback (most recent call last):                                                                                                                      subprocess.py:195
             File "<string>", line 1, in <module>                                                                                                                  subprocess.py:195
               import runpy, sys;sys.path.pop(0);sys.argv.extend([]);runpy.run_module("calcme", run_name="__main__", alter_sys=True)                               subprocess.py:195
                                                                     ~~~~~~~~~~~~~~~~^^^^^^^^^^^^^^^^^^^^^^^^^^^^^^^^^^^^^^^^^^^^^^^                               subprocess.py:195
             File "<frozen runpy>", line 226, in run_module                                                                                                        subprocess.py:195
             File "<frozen runpy>", line 98, in _run_module_code                                                                                                   subprocess.py:195
             File "<frozen runpy>", line 88, in _run_code                                                                                                          subprocess.py:195
             File "C:\Users\Iuri\Desktop\Projetos\Monitoramento\Spy-mobile\calcme\__main__.py", line 1, in <module>                                                subprocess.py:195
               from calcme.app import CalculatorApp                                                                                                                subprocess.py:195
           ImportError: cannot import name 'CalculatorApp' from 'calcme.app' (C:\Users\Iuri\Desktop\Projetos\Monitoramento\Spy-mobile\calcme\app.py)               subprocess.py:195
                                                                                                                                                                      __main__.py:42
           Problem running app calcme.                                                                                                                                __main__.py:43
           Saving log... started                                                                                                                                      console.py:438

Main thread traceback:
╭─────────────────────────────────────────────────────────────────────── Traceback (most recent call last) ────────────────────────────────────────────────────────────────────────╮
│ C:\Users\Iuri\AppData\Roaming\Python\Python313\site-packages\briefcase\__main__.py:27 in main                                                                                    │
│                                                                                                                                                                                  │
│   24 │   │   │   Path.cwd() / "pyproject.toml",                                                                                                                                  │
│   25 │   │   │   overrides=overrides,                                                                                                                                            │
│   26 │   │   )                                                                                                                                                                   │
│ ❱ 27 │   │   command(**options)                                                                                                                                                  │
│   28 │   except HelpText as e:                                                                                                                                                   │
│   29 │   │   console.info()                                                                                                                                                      │
│   30 │   │   console.info(str(e))                                                                                                                                                │
│                                                                                                                                                                                  │
│ ╭──────────────────────────────────────────────────────── locals ─────────────────────────────────────────────────────────╮                                                      │
│ │       command = <briefcase.platforms.windows.app.WindowsAppDevCommand object at 0x0000012E08819D30>                     │                                                      │
│ │       console = <briefcase.console.Console object at 0x0000012E05442E40>                                                │                                                      │
│ │             e = BriefcaseCommandError('Problem running app calcme.')                                                    │                                                      │
│ │ extra_cmdline = []                                                                                                      │                                                      │
│ │       options = {'appname': None, 'update_requirements': False, 'run_app': True, 'test_mode': False, 'passthrough': []} │                                                      │
│ │     overrides = {}                                                                                                      │                                                      │
│ │        result = 200                                                                                                     │                                                      │
│ ╰─────────────────────────────────────────────────────────────────────────────────────────────────────────────────────────╯                                                      │
│                                                                                                                                                                                  │
│ C:\Users\Iuri\AppData\Roaming\Python\Python313\site-packages\briefcase\commands\dev.py:250 in __call__                                                                           │
│                                                                                                                                                                                  │
│   247 │   │   │   else:                                                                                                                                                          │
│   248 │   │   │   │   self.console.info("Starting in dev mode...", prefix=app.app_name)                                                                                          │
│   249 │   │   │   env = self.get_environment(app)                                                                                                                                │
│ ❱ 250 │   │   │   return self.run_dev_app(                                                                                                                                       │
│   251 │   │   │   │   app,                                                                                                                                                       │
│   252 │   │   │   │   env,                                                                                                                                                       │
│   253 │   │   │   │   passthrough=[] if passthrough is None else passthrough,                                                                                                    │
│                                                                                                                                                                                  │
│ ╭─────────────────────────────────────────────────── locals ────────────────────────────────────────────────────╮                                                                │
│ │                 app = <org.beeware.calcme.calcme v1.2.0 AppConfig>                                            │                                                                │
│ │             appname = None                                                                                    │                                                                │
│ │      dist_info_path = WindowsPath('C:/Users/Iuri/Desktop/Projetos/Monitoramento/Spy-mobile/calcme.dist-info') │                                                                │
│ │                 env = {                                                                                       │                                                                │
│ │                       │   'PYTHONPATH': 'C:\\Users\\Iuri\\Desktop\\Projetos\\Monitoramento\\Spy-mobile',      │                                                                │
│ │                       │   'PYTHONMALLOC': 'default',                                                          │                                                                │
│ │                       │   'PYTHONUNBUFFERED': '1',                                                            │                                                                │
│ │                       │   'PYTHONDEVMODE': '1',                                                               │                                                                │
│ │                       │   'PYTHONUTF8': '1'                                                                   │                                                                │
│ │                       }                                                                                       │                                                                │
│ │             options = {}                                                                                      │                                                                │
│ │         passthrough = []                                                                                      │                                                                │
│ │             run_app = True                                                                                    │                                                                │
│ │                self = <briefcase.platforms.windows.app.WindowsAppDevCommand object at 0x0000012E08819D30>     │                                                                │
│ │           test_mode = False                                                                                   │                                                                │
│ │ update_requirements = False                                                                                   │                                                                │
│ ╰───────────────────────────────────────────────────────────────────────────────────────────────────────────────╯                                                                │
│                                                                                                                                                                                  │
│ C:\Users\Iuri\AppData\Roaming\Python\Python313\site-packages\briefcase\commands\dev.py:168 in run_dev_app                                                                        │
│                                                                                                                                                                                  │
│   165 │   │   │   )                                                                                                                                                              │
│   166 │   │   │                                                                                                                                                                  │
│   167 │   │   │   # Start streaming logs for the app.                                                                                                                            │
│ ❱ 168 │   │   │   self._stream_app_logs(                                                                                                                                         │
│   169 │   │   │   │   app,                                                                                                                                                       │
│   170 │   │   │   │   popen=app_popen,                                                                                                                                           │
│   171 │   │   │   │   clean_output=False,                                                                                                                                        │
│                                                                                                                                                                                  │
│ ╭───────────────────────────────────────────────────────────────── locals ─────────────────────────────────────────────────────────────────╮                                     │
│ │         app = <org.beeware.calcme.calcme v1.2.0 AppConfig>                                                                               │                                     │
│ │   app_popen = <Popen: returncode: 1 args: ['C:\\Python313\\python.exe', '-c', 'import runp...>                                           │                                     │
│ │     cmdline = ['C:\\Python313\\python.exe', '-c', 'import runpy, sys;sys.path.pop(0);sys.argv.extend([]);runpy.run_module("calcme",'+37] │                                     │
│ │         env = {                                                                                                                          │                                     │
│ │               │   'PYTHONPATH': 'C:\\Users\\Iuri\\Desktop\\Projetos\\Monitoramento\\Spy-mobile',                                         │                                     │
│ │               │   'PYTHONMALLOC': 'default',                                                                                             │                                     │
│ │               │   'PYTHONUNBUFFERED': '1',                                                                                               │                                     │
│ │               │   'PYTHONDEVMODE': '1',                                                                                                  │                                     │
│ │               │   'PYTHONUTF8': '1'                                                                                                      │                                     │
│ │               }                                                                                                                          │                                     │
│ │ main_module = 'calcme'                                                                                                                   │                                     │
│ │     options = {}                                                                                                                         │                                     │
│ │ passthrough = []                                                                                                                         │                                     │
│ │        self = <briefcase.platforms.windows.app.WindowsAppDevCommand object at 0x0000012E08819D30>                                        │                                     │
│ ╰──────────────────────────────────────────────────────────────────────────────────────────────────────────────────────────────────────────╯                                     │
│                                                                                                                                                                                  │
│ C:\Users\Iuri\AppData\Roaming\Python\Python313\site-packages\briefcase\commands\run.py:200 in _stream_app_logs                                                                   │
│                                                                                                                                                                                  │
│   197 │   │   │   │   # If we're monitoring an actual app (not just a log stream),                                                                                               │
│   198 │   │   │   │   # and the app didn't exit cleanly, surface the error to the user.                                                                                          │
│   199 │   │   │   │   if popen.poll() != 0:                                                                                                                                      │
│ ❱ 200 │   │   │   │   │   raise BriefcaseCommandError(f"Problem running app {app.app_name}.")                                                                                    │
│   201 │   │                                                                                                                                                                      │
│   202 │   │   except KeyboardInterrupt:                                                                                                                                          │
│   203 │   │   │   pass  # Catch CTRL-C to exit normally                                                                                                                          │
│                                                                                                                                                                                  │
│ ╭────────────────────────────────────────────── locals ──────────────────────────────────────────────╮                                                                           │
│ │          app = <org.beeware.calcme.calcme v1.2.0 AppConfig>                                        │                                                                           │
│ │ clean_filter = None                                                                                │                                                                           │
│ │ clean_output = False                                                                               │                                                                           │
│ │   log_filter = <briefcase.commands.run.LogFilter object at 0x0000012E0881AF90>                     │                                                                           │
│ │   log_stream = False                                                                               │                                                                           │
│ │        popen = <Popen: returncode: 1 args: ['C:\\Python313\\python.exe', '-c', 'import runp...>    │                                                                           │
│ │         self = <briefcase.platforms.windows.app.WindowsAppDevCommand object at 0x0000012E08819D30> │                                                                           │
│ ╰────────────────────────────────────────────────────────────────────────────────────────────────────╯                                                                           │
╰──────────────────────────────────────────────────────────────────────────────────────────────────────────────────────────────────────────────────────────────────────────────────╯
BriefcaseCommandError: Problem running app calcme.
