Date/Time:       2025-11-16 13:42:07 
Command line:    C:\Users\Iuri\AppData\Roaming\Python\Python313\site-packages\briefcase\__main__.py build android --no-update

OS Release:      Windows 11
OS Version:      10.0.26100
Architecture:    AMD64
Platform:        Windows-11-10.0.26100-SP0

Python exe:      C:\Python313\python.exe
Python version:  3.13.3 (tags/v3.13.3:6280bb5, Apr  8 2025, 14:47:33) [MSC v.1943 64 bit (AMD64)]
Virtual env:     False
Conda env:       False

Briefcase:       0.3.20
Target platform: android
Target format:   gradle

Environment Variables:
	ALLUSERSPROFILE=C:\ProgramData
	APPDATA=C:\Users\Iuri\AppData\Roaming
	BLACKBOX_ACTIVE=true
	CHOCOLATEYINSTALL=C:\ProgramData\chocolatey
	CHOCOLATEYLASTPATHUPDATE=133887497030477345
	CHROME_CRASHPAD_PIPE_NAME=\\.\pipe\crashpad_15628_CIVIDEZZDPBDTYDV
	COLORTERM=truecolor
	COMMONPROGRAMFILES=C:\Program Files\Common Files
	COMMONPROGRAMFILES(X86)=C:\Program Files (x86)\Common Files
	COMMONPROGRAMW6432=C:\Program Files\Common Files
	COMPUTERNAME=DESKTOP-13L7BV8
	COMSPEC=C:\WINDOWS\system32\cmd.exe
	DRIVERDATA=C:\Windows\System32\Drivers\DriverData
	EFC_8812_1592913036=1
	FPS_BROWSER_APP_PROFILE_STRING=Internet Explorer
	FPS_BROWSER_USER_PROFILE_STRING=Default
	GIT_ASKPASS=********************
	HOMEDRIVE=C:
	HOMEPATH=\Users\Iuri
	JAVA_HOME=C:\Program Files\Java\jdk-25
	LANG=en_US.UTF-8
	LOCALAPPDATA=C:\Users\Iuri\AppData\Local
	LOGONSERVER=\\DESKTOP-13L7BV8
	NUMBER_OF_PROCESSORS=4
	ONEDRIVE=C:\Users\Iuri\OneDrive
	OPENAI_API_KEY=********************
	ORIGINAL_XDG_CURRENT_DESKTOP=undefined
	OS=Windows_NT
	PATH=C:\Program Files\PowerShell\7;C:\Program Files\Common Files\Oracle\Java\javapath;C:\Python313\Scripts\;C:\Python313\;C:\WINDOWS\system32;C:\WINDOWS;C:\WINDOWS\System32\Wbem;C:\WINDOWS\System32\WindowsPowerShell\v1.0\;C:\WINDOWS\System32\OpenSSH\;C:\Program Files\nodejs\;C:\ProgramData\chocolatey\bin;C:\Program Files\dotnet\;C:\Program Files\Docker\Docker\resources\bin;C:\Program Files\PowerShell\7\;C:\Users\Iuri\miniconda3\minconda.3;C:\Users\Iuri\miniconda3\minconda.3\Library\mingw-w64\bin;C:\Users\Iuri\miniconda3\minconda.3\Library\usr\bin;C:\Users\Iuri\miniconda3\minconda.3\Library\bin;C:\Users\Iuri\miniconda3\minconda.3\Scripts;C:\Users\Iuri\AppData\Local\Programs\Python\Python312\Scripts\;C:\Users\Iuri\AppData\Local\Programs\Python\Python312\;C:\Users\Iuri\AppData\Local\Microsoft\WindowsApps;C:\Users\Iuri\AppData\Local\Programs\Microsoft VS Code\bin;C:\Users\Iuri\AppData\Roaming\npm;C:\Program Files\heroku\bin;C:\Users\Iuri\AppData\Local\Google\Cloud SDK\google-cloud-sdk\bin;C:\Users\Iuri\AppData\Local\Programs\Ollama;C:\Users\Iuri\AppData\Local\Programs\Fiddler;C:\Users\Iuri\.dotnet\tools;C:\Program Files\mitmproxy\bin;C:\Program Files\Java\jdk-25\bin;
	PATHEXT=.COM;.EXE;.BAT;.CMD;.VBS;.VBE;.JS;.JSE;.WSF;.WSH;.MSC;.PY;.PYW;.CPL
	POWERSHELL_DISTRIBUTION_CHANNEL=MSI:Windows 10 Enterprise LTSC 2024
	PROCESSOR_ARCHITECTURE=AMD64
	PROCESSOR_IDENTIFIER=Intel64 Family 6 Model 142 Stepping 9, GenuineIntel
	PROCESSOR_LEVEL=6
	PROCESSOR_REVISION=8e09
	PROGRAMDATA=C:\ProgramData
	PROGRAMFILES=C:\Program Files
	PROGRAMFILES(X86)=C:\Program Files (x86)
	PROGRAMW6432=C:\Program Files
	PSMODULEPATH=C:\Users\Iuri\Documents\PowerShell\Modules;C:\Program Files\PowerShell\Modules;c:\program files\powershell\7\Modules;C:\Program Files\WindowsPowerShell\Modules;C:\WINDOWS\system32\WindowsPowerShell\v1.0\Modules
	PUBLIC=C:\Users\Public
	SESSIONNAME=Console
	SYSTEMDRIVE=C:
	SYSTEMROOT=C:\WINDOWS
	TEMP=C:\Users\Iuri\AppData\Local\Temp
	TERM_PROGRAM=vscode
	TERM_PROGRAM_VERSION=1.99.6
	TMP=C:\Users\Iuri\AppData\Local\Temp
	USERDOMAIN=DESKTOP-13L7BV8
	USERDOMAIN_ROAMINGPROFILE=DESKTOP-13L7BV8
	USERNAME=Iuri
	USERPROFILE=C:\Users\Iuri
	VBOX_MSI_INSTALL_PATH=C:\Program Files\Oracle\VirtualBox\
	VSCODE_GIT_ASKPASS_EXTRA_ARGS=********************
	VSCODE_GIT_ASKPASS_MAIN=********************
	VSCODE_GIT_ASKPASS_NODE=********************
	VSCODE_GIT_IPC_HANDLE=\\.\pipe\vscode-git-190f844da1-sock
	VSCODE_INJECTION=1
	WINDIR=C:\WINDOWS
	ZES_ENABLE_SYSMAN=1

pyproject.toml:
[spy_monitor_final_v2.0.0.apkbuild-system]
requires = ["briefcase"]

[tool.briefcase]
project_name = "SpyMonitor"
bundle = "org.beeware.spymonitor"
version = "2.0.0"
url = "https://147.79.111.118/"
license.file = "LICENSE"
author = "Iuri Rodrigues"
author_email = "irodti93@gmail.com"

[tool.briefcase.app.spymonitor]
formal_name = "Spy Monitor Pro"
description = "Advanced device monitoring and data collection app"
icon = "logo"
sources = ["spymonitor"]
requires = []
url_scheme = "spymonitor"

[tool.briefcase.app.spymonitor.macOS]
requires = []

[tool.briefcase.app.spymonitor.linux]
requires = []

[tool.briefcase.app.spymonitor.windows]
requires = []

[tool.briefcase.app.spymonitor.iOS]
requires = []

[tool.briefcase.app.spymonitor.android]
requires = [
    "plyer>=2.1.0",
    "requests>=2.28.0",
]
build_gradle_dependencies = [
    "androidx.core:core-ktx:1.12.0",
    "androidx.lifecycle:lifecycle-viewmodel-ktx:2.7.0",
    "androidx.activity:activity-ktx:1.8.2",
    "androidx.appcompat:appcompat:1.6.1",
    "com.google.android.material:material:1.11.0",
    "androidx.work:work-runtime:2.8.1",
]
exclude_packages = [
    "toga-gtk",
    "pycairo",
    "pygobject",
    "toga-winforms",
    "toga-cocoa",
    "toga-iOS",
    "gi",
    "cairo",
]
# Permissões essenciais
permission_internet = true
permission_access_fine_location = true
permission_access_coarse_location = true
permission_read_phone_state = true
permission_read_external_storage = true
permission_write_external_storage = true
permission_camera = true
permission_record_audio = true
permission_read_contacts = true
permission_read_sms = true
permission_read_call_log = true
permission_access_network_state = true
permission_access_wifi_state = true
permission_wake_lock = true
permission_receive_boot_completed = true

Briefcase Log:
[13:39:42]                                                                                                                                                               java.py:111
           [Java JDK] Evaluating JAVA_HOME...                                                                                                                            java.py:111
           JAVA_HOME=C:\Program Files\Java\jdk-25                                                                                                                        java.py:112
                                                                                                                                                                   subprocess.py:827
           >>> Running Command:                                                                                                                                    subprocess.py:827
           >>>     'C:\Program Files\Java\jdk-25\bin\javac' -version                                                                                               subprocess.py:827
           >>> Working Directory:                                                                                                                                  subprocess.py:827
           >>>     C:\Users\Iuri\Desktop\Projetos\Monitoramento\Spy-mobile                                                                                         subprocess.py:827
[13:39:43] >>> Command Output:                                                                                                                                     subprocess.py:827
           >>>     javac 25                                                                                                                                        subprocess.py:827
           >>> Return code: 0                                                                                                                                      subprocess.py:827
                                                                                                                                                                         java.py:231
           *************************************************************************                                                                                     java.py:231
           ** WARNING: JAVA_HOME does not point to a Java 17 JDK                  **                                                                                     java.py:231
           *************************************************************************                                                                                     java.py:231
                                                                                                                                                                         java.py:231
               Android requires a Java 17 JDK, but the location pointed to by the                                                                                        java.py:231
               JAVA_HOME environment variable:                                                                                                                           java.py:231
                                                                                                                                                                         java.py:231
               C:\Program Files\Java\jdk-25                                                                                                                              java.py:231
                                                                                                                                                                         java.py:231
               isn't a Java 17 JDK (it appears to be Java 25).                                                                                                           java.py:231
                                                                                                                                                                         java.py:231
               Briefcase will proceed using its own JDK instance.                                                                                                        java.py:231
                                                                                                                                                                         java.py:231
           *************************************************************************                                                                                     java.py:231
           Using JDK at C:\Users\Iuri\AppData\Local\BeeWare\briefcase\Cache\tools\java17                                                                                 java.py:258
           Using Android SDK at C:\Users\Iuri\AppData\Local\BeeWare\briefcase\Cache\tools\android_sdk                                                             android_sdk.py:362
                                                                                                                                                                       gradle.py:319
           [spymonitor] Updating app metadata...                                                                                                                       gradle.py:319
           Setting main module... started                                                                                                                              gradle.py:301
           Setting main module... done                                                                                                                                 gradle.py:301
                                                                                                                                                                       gradle.py:322
           [spymonitor] Building Android APK...                                                                                                                        gradle.py:322
           Building... started                                                                                                                                         gradle.py:323
           Android emulator is already installed.                                                                                                                 android_sdk.py:637
                                                                                                                                                                   subprocess.py:827
           >>> Running Command:                                                                                                                                    subprocess.py:827
           >>>     'C:\Users\Iuri\Desktop\Projetos\Monitoramento\Spy-mobile\build\spymonitor\android\gradle\gradlew.bat' --console plain assembleDebug             subprocess.py:827
           >>> Working Directory:                                                                                                                                  subprocess.py:827
           >>>     C:\Users\Iuri\Desktop\Projetos\Monitoramento\Spy-mobile\build\spymonitor\android\gradle                                                         subprocess.py:827
           >>> Environment Overrides:                                                                                                                              subprocess.py:827
           >>>     ANDROID_HOME=C:\Users\Iuri\AppData\Local\BeeWare\briefcase\Cache\tools\android_sdk                                                              subprocess.py:827
           >>>     ANDROID_SDK_ROOT=C:\Users\Iuri\AppData\Local\BeeWare\briefcase\Cache\tools\android_sdk                                                          subprocess.py:827
           >>>     JAVA_HOME=C:\Users\Iuri\AppData\Local\BeeWare\briefcase\Cache\tools\java17                                                                      subprocess.py:827
[13:39:54] Starting a Gradle Daemon (subsequent builds will be faster)                                                                                             subprocess.py:195
[13:40:50] > Task :app:preBuild UP-TO-DATE                                                                                                                         subprocess.py:195
           > Task :app:preDebugBuild UP-TO-DATE                                                                                                                    subprocess.py:195
           > Task :app:mergeDebugNativeDebugMetadata NO-SOURCE                                                                                                     subprocess.py:195
[13:40:53] > Task :app:extractDebugPythonBuildPackages UP-TO-DATE                                                                                                  subprocess.py:195
[13:40:57]                                                                                                                                                         subprocess.py:195
           > Task :app:generateDebugPythonRequirements                                                                                                             subprocess.py:195
           Chaquopy: Installing for arm64-v8a                                                                                                                      subprocess.py:195
[13:41:01] Looking in indexes: https://pypi.org/simple, https://chaquo.com/pypi-13.1                                                                               subprocess.py:195
[13:41:06] Collecting toga>=0.4.0                                                                                                                                  subprocess.py:195
             Using cached toga-0.5.2-py3-none-any.whl (3.5 kB)                                                                                                     subprocess.py:195
[13:41:07] Collecting requests>=2.28.0                                                                                                                             subprocess.py:195
             Using cached requests-2.32.5-py3-none-any.whl (64 kB)                                                                                                 subprocess.py:195
[13:41:08] Collecting toga-android>=0.4.0                                                                                                                          subprocess.py:195
             Using cached toga_android-0.5.2-py3-none-any.whl (69 kB)                                                                                              subprocess.py:195
[13:41:09] Collecting plyer>=2.1.0                                                                                                                                 subprocess.py:195
             Using cached plyer-2.1.0-py2.py3-none-any.whl (142 kB)                                                                                                subprocess.py:195
           Collecting toga-gtk==0.5.2; sys_platform == "linux"                                                                                                     subprocess.py:195
             Using cached toga_gtk-0.5.2-py3-none-any.whl (71 kB)                                                                                                  subprocess.py:195
[13:41:10] Collecting urllib3<3,>=1.21.1                                                                                                                           subprocess.py:195
             Using cached urllib3-2.5.0-py3-none-any.whl (129 kB)                                                                                                  subprocess.py:195
[13:41:11] Collecting certifi>=2017.4.17                                                                                                                           subprocess.py:195
             Using cached certifi-2025.11.12-py3-none-any.whl (159 kB)                                                                                             subprocess.py:195
[13:41:14] Collecting charset_normalizer<4,>=2                                                                                                                     subprocess.py:195
             Using cached charset_normalizer-3.4.4-py3-none-any.whl (53 kB)                                                                                        subprocess.py:195
[13:41:15] Collecting idna<4,>=2.5                                                                                                                                 subprocess.py:195
             Using cached idna-3.11-py3-none-any.whl (71 kB)                                                                                                       subprocess.py:195
[13:41:16] Collecting toga-core==0.5.2                                                                                                                             subprocess.py:195
             Using cached toga_core-0.5.2-py3-none-any.whl (145 kB)                                                                                                subprocess.py:195
[13:41:17] Collecting pygobject>=3.50.0                                                                                                                            subprocess.py:195
             Using cached pygobject-3.54.5.tar.gz (1.3 MB)                                                                                                         subprocess.py:195
[13:41:18]   Installing build dependencies: started                                                                                                                subprocess.py:195
[13:41:45]   Installing build dependencies: finished with status 'done'                                                                                            subprocess.py:195
             Getting requirements to build wheel: started                                                                                                          subprocess.py:195
[13:41:46]   Getting requirements to build wheel: finished with status 'done'                                                                                      subprocess.py:195
             Installing backend dependencies: started                                                                                                              subprocess.py:195
[13:41:54]   Installing backend dependencies: finished with status 'done'                                                                                          subprocess.py:195
               Preparing wheel metadata: started                                                                                                                   subprocess.py:195
[13:41:56]     Preparing wheel metadata: finished with status 'error'                                                                                              subprocess.py:195
               ERROR: Command errored out with exit status 1:                                                                                                      subprocess.py:195
                command: 'C:\Users\Iuri\Desktop\Projetos\Monitoramento\Spy-mobile\build\spymonitor\android\gradle\app\build\python\env\debug\Scripts\python.exe'   subprocess.py:195
           'C:\Users\Iuri\Desktop\Projetos\Monitoramento\Spy-mobile\build\spymonitor\android\gradle\app\build\python\env\debug\Lib\site-packages\pip\_vendor\pep51                  
           7\_in_process.py' prepare_metadata_for_build_wheel 'C:\Users\Iuri\AppData\Local\Temp\tmp8dzf4dfz'                                                                        
                    cwd: C:\Users\Iuri\AppData\Local\Temp\pip-install-656ftu5w\pygobject                                                                           subprocess.py:195
               Complete output (2 lines):                                                                                                                          subprocess.py:195
                                                                                                                                                                   subprocess.py:195
               meson-python: error: meson executable "meson" not found                                                                                             subprocess.py:195
               ----------------------------------------                                                                                                            subprocess.py:195
           ERROR: Failed to install pygobject>=3.50.0 from                                                                                                         subprocess.py:195
           https://files.pythonhosted.org/packages/d3/a5/68f883df1d8442e3b267cb92105a4b2f0de819bd64ac9981c2d680d3f49f/pygobject-3.54.5.tar.gz#sha256=b6656f6348f52                  
           45606cf15ea48c384c7f05156c75ead206c1b246c80a22fb585 (from toga-gtk==0.5.2; sys_platform == "linux"->toga>=0.4.0->-r requirements.txt (line 2)).                          
           For assistance, please raise an issue at https://github.com/chaquo/chaquopy/issues.                                                                     subprocess.py:195
[13:41:57] Chaquopy: Exit status 1                                                                                                                                 subprocess.py:195
[13:41:58]                                                                                                                                                         subprocess.py:195
           > Task :app:generateDebugPythonRequirements FAILED                                                                                                      subprocess.py:195
                                                                                                                                                                   subprocess.py:195
           [Incubating] Problems report is available at:                                                                                                           subprocess.py:195
           file:///C:/Users/Iuri/Desktop/Projetos/Monitoramento/Spy-mobile/build/spymonitor/android/gradle/build/reports/problems/problems-report.html                              
                                                                                                                                                                   subprocess.py:195
           FAILURE: Build failed with an exception.                                                                                                                subprocess.py:195
                                                                                                                                                                   subprocess.py:195
           * What went wrong:                                                                                                                                      subprocess.py:195
[13:41:59] Execution failed for task ':app:generateDebugPythonRequirements'.                                                                                       subprocess.py:195
           > Process 'command                                                                                                                                      subprocess.py:195
           'C:\Users\Iuri\Desktop\Projetos\Monitoramento\Spy-mobile\build\spymonitor\android\gradle\app\build\python\env\debug\Scripts\python.exe'' finished with                   
           non-zero exit value 1                                                                                                                                                    
                                                                                                                                                                   subprocess.py:195
             To view full details in Android Studio:                                                                                                               subprocess.py:195
             * Click the 'Build: failed' caption to the left of this message.                                                                                      subprocess.py:195
             * Then scroll up to see the full output.                                                                                                              subprocess.py:195
                                                                                                                                                                   subprocess.py:195
           * Try:                                                                                                                                                  subprocess.py:195
           > Run with --stacktrace option to get the stack trace.                                                                                                  subprocess.py:195
           > Run with --info or --debug option to get more log output.                                                                                             subprocess.py:195
           > Run with --scan to get full insights.                                                                                                                 subprocess.py:195
           > Get more help at https://help.gradle.org.                                                                                                             subprocess.py:195
                                                                                                                                                                   subprocess.py:195
           Deprecated Gradle features were used in this build, making it incompatible with Gradle 9.0.                                                             subprocess.py:195
                                                                                                                                                                   subprocess.py:195
           You can use '--warning-mode all' to show the individual deprecation warnings and determine if they come from your own scripts or plugins.               subprocess.py:195
                                                                                                                                                                   subprocess.py:195
           For more on this, please refer to https://docs.gradle.org/8.13/userguide/command_line_interface.html#sec:command_line_warnings in the Gradle            subprocess.py:195
           documentation.                                                                                                                                                           
                                                                                                                                                                   subprocess.py:195
           BUILD FAILED in 2m 12s                                                                                                                                  subprocess.py:195
           2 actionable tasks: 1 executed, 1 up-to-date                                                                                                            subprocess.py:195
           >>> Return code: 1                                                                                                                                      subprocess.py:827
           Building... errored                                                                                                                                         gradle.py:323
                                                                                                                                                                      __main__.py:44
           Error while building project.                                                                                                                              __main__.py:45
           Saving log... started                                                                                                                                      console.py:391

Main thread traceback:
╭─────────────────────────────────────────────────────────────────────── Traceback (most recent call last) ────────────────────────────────────────────────────────────────────────╮
│ C:\Users\Iuri\AppData\Roaming\Python\Python313\site-packages\briefcase\platforms\android\gradle.py:325 in build_app                                                              │
│                                                                                                                                                                                  │
│   322 │   │   self.logger.info("Building Android APK...", prefix=app.app_name)                                                                                                   │
│   323 │   │   with self.input.wait_bar("Building..."):                                                                                                                           │
│   324 │   │   │   try:                                                                                                                                                           │
│ ❱ 325 │   │   │   │   self.run_gradle(app, ["assembleDebug"])                                                                                                                    │
│   326 │   │   │   except subprocess.CalledProcessError as e:                                                                                                                     │
│   327 │   │   │   │   raise BriefcaseCommandError("Error while building project.") from e                                                                                        │
│   328                                                                                                                                                                            │
│                                                                                                                                                                                  │
│ ╭───────────────────────────────────────────── locals ─────────────────────────────────────────────╮                                                                             │
│ │       app = <org.beeware.spymonitor.spymonitor v2.0.0 AppConfig>                                 │                                                                             │
│ │    kwargs = {}                                                                                   │                                                                             │
│ │      self = <briefcase.platforms.android.gradle.GradleBuildCommand object at 0x000001261FEDB4D0> │                                                                             │
│ │ test_mode = False                                                                                │                                                                             │
│ ╰──────────────────────────────────────────────────────────────────────────────────────────────────╯                                                                             │
│                                                                                                                                                                                  │
│ C:\Users\Iuri\AppData\Roaming\Python\Python313\site-packages\briefcase\platforms\android\gradle.py:118 in run_gradle                                                             │
│                                                                                                                                                                                  │
│   115 │   │   self.tools.android_sdk.verify_emulator()                                                                                                                           │
│   116 │   │                                                                                                                                                                      │
│   117 │   │   gradlew = "gradlew.bat" if self.tools.host_os == "Windows" else "gradlew"                                                                                          │
│ ❱ 118 │   │   self.tools.subprocess.run(                                                                                                                                         │
│   119 │   │   │   # Windows needs the full path to `gradlew`; macOS & Linux can find it                                                                                          │
│   120 │   │   │   # via `./gradlew`. For simplicity of implementation, we always provide                                                                                         │
│   121 │   │   │   # the full path.                                                                                                                                               │
│                                                                                                                                                                                  │
│ ╭──────────────────────────────────────────── locals ────────────────────────────────────────────╮                                                                               │
│ │     app = <org.beeware.spymonitor.spymonitor v2.0.0 AppConfig>                                 │                                                                               │
│ │    args = ['assembleDebug']                                                                    │                                                                               │
│ │ gradlew = 'gradlew.bat'                                                                        │                                                                               │
│ │    self = <briefcase.platforms.android.gradle.GradleBuildCommand object at 0x000001261FEDB4D0> │                                                                               │
│ ╰────────────────────────────────────────────────────────────────────────────────────────────────╯                                                                               │
│                                                                                                                                                                                  │
│ C:\Users\Iuri\AppData\Roaming\Python\Python313\site-packages\briefcase\integrations\subprocess.py:142 in inner                                                                   │
│                                                                                                                                                                                  │
│   139 │   │   # Run subprocess command with or without console control                                                                                                           │
│   140 │   │   if remove_dynamic_elements:                                                                                                                                        │
│   141 │   │   │   with sub.tools.input.release_console_control():                                                                                                                │
│ ❱ 142 │   │   │   │   return sub_method(sub, args, *wrapped_args, **wrapped_kwargs)                                                                                              │
│   143 │   │   else:                                                                                                                                                              │
│   144 │   │   │   return sub_method(sub, args, *wrapped_args, **wrapped_kwargs)                                                                                                  │
│   145                                                                                                                                                                            │
│                                                                                                                                                                                  │
│ ╭───────────────────────────────────────────────────────────────────── locals ──────────────────────────────────────────────────────────────────────╮                            │
│ │                    args = [                                                                                                                       │                            │
│ │                           │   WindowsPath('C:/Users/Iuri/Desktop/Projetos/Monitoramento/Spy-mobile/build/spymonitor/android/gradle/gradlew.bat'), │                            │
│ │                           │   '--console',                                                                                                        │                            │
│ │                           │   'plain',                                                                                                            │                            │
│ │                           │   'assembleDebug'                                                                                                     │                            │
│ │                           ]                                                                                                                       │                            │
│ │              executable = 'C:\\Users\\Iuri\\Desktop\\Projetos\\Monitoramento\\Spy-mobile\\build\\spymonitor\\android'+19                          │                            │
│ │ remove_dynamic_elements = True                                                                                                                    │                            │
│ │                     sub = <briefcase.integrations.subprocess.Subprocess object at 0x00000126200982F0>                                             │                            │
│ │            wrapped_args = ()                                                                                                                      │                            │
│ │          wrapped_kwargs = {                                                                                                                       │                            │
│ │                           │   'env': {                                                                                                            │                            │
│ │                           │   │   'ANDROID_HOME': 'C:\\Users\\Iuri\\AppData\\Local\\BeeWare\\briefcase\\Cache\\tools\\android_sdk',               │                            │
│ │                           │   │   'ANDROID_SDK_ROOT': 'C:\\Users\\Iuri\\AppData\\Local\\BeeWare\\briefcase\\Cache\\tools\\android_sdk',           │                            │
│ │                           │   │   'JAVA_HOME': 'C:\\Users\\Iuri\\AppData\\Local\\BeeWare\\briefcase\\Cache\\tools\\java17'                        │                            │
│ │                           │   },                                                                                                                  │                            │
│ │                           │   'cwd': WindowsPath('C:/Users/Iuri/Desktop/Projetos/Monitoramento/Spy-mobile/build/spymonitor/android/gradle'),      │                            │
│ │                           │   'check': True,                                                                                                      │                            │
│ │                           │   'encoding': 'CP1252'                                                                                                │                            │
│ │                           }                                                                                                                       │                            │
│ ╰───────────────────────────────────────────────────────────────────────────────────────────────────────────────────────────────────────────────────╯                            │
│                                                                                                                                                                                  │
│ C:\Users\Iuri\AppData\Roaming\Python\Python313\site-packages\briefcase\integrations\subprocess.py:539 in run                                                                     │
│                                                                                                                                                                                  │
│   536 │   │   # caller sets stream_output=False, then ensure_console_is_safe() will                                                                                              │
│   537 │   │   # disable any dynamic console elements while the command runs.                                                                                                     │
│   538 │   │   if stream_output:                                                                                                                                                  │
│ ❱ 539 │   │   │   return self._run_and_stream_output(args, filter_func=filter_func, **kwargs)                                                                                    │
│   540 │   │                                                                                                                                                                      │
│   541 │   │   # Can't filter non-streamed output.                                                                                                                                │
│   542 │   │   if filter_func:                                                                                                                                                    │
│                                                                                                                                                                                  │
│ ╭────────────────────────────────────────────────────────────────────────────────── locals ───────────────────────────────────────────────────────────────────────────────────╮  │
│ │          args = [WindowsPath('C:/Users/Iuri/Desktop/Projetos/Monitoramento/Spy-mobile/build/spymonitor/android/gradle/gradlew.bat'), '--console', 'plain', 'assembleDebug'] │  │
│ │   filter_func = None                                                                                                                                                        │  │
│ │        kwargs = {                                                                                                                                                           │  │
│ │                 │   'env': {                                                                                                                                                │  │
│ │                 │   │   'ANDROID_HOME': 'C:\\Users\\Iuri\\AppData\\Local\\BeeWare\\briefcase\\Cache\\tools\\android_sdk',                                                   │  │
│ │                 │   │   'ANDROID_SDK_ROOT': 'C:\\Users\\Iuri\\AppData\\Local\\BeeWare\\briefcase\\Cache\\tools\\android_sdk',                                               │  │
│ │                 │   │   'JAVA_HOME': 'C:\\Users\\Iuri\\AppData\\Local\\BeeWare\\briefcase\\Cache\\tools\\java17'                                                            │  │
│ │                 │   },                                                                                                                                                      │  │
│ │                 │   'cwd': WindowsPath('C:/Users/Iuri/Desktop/Projetos/Monitoramento/Spy-mobile/build/spymonitor/android/gradle'),                                          │  │
│ │                 │   'check': True,                                                                                                                                          │  │
│ │                 │   'encoding': 'CP1252'                                                                                                                                    │  │
│ │                 }                                                                                                                                                           │  │
│ │          self = <briefcase.integrations.subprocess.Subprocess object at 0x00000126200982F0>                                                                                 │  │
│ │ stream_output = True                                                                                                                                                        │  │
│ ╰─────────────────────────────────────────────────────────────────────────────────────────────────────────────────────────────────────────────────────────────────────────────╯  │
│                                                                                                                                                                                  │
│ C:\Users\Iuri\AppData\Roaming\Python\Python313\site-packages\briefcase\integrations\subprocess.py:615 in _run_and_stream_output                                                  │
│                                                                                                                                                                                  │
│   612 │   │   self._log_return_code(return_code)                                                                                                                                 │
│   613 │   │                                                                                                                                                                      │
│   614 │   │   if check and return_code:                                                                                                                                          │
│ ❱ 615 │   │   │   raise subprocess.CalledProcessError(return_code, args, stderr=stderr)                                                                                          │
│   616 │   │                                                                                                                                                                      │
│   617 │   │   return subprocess.CompletedProcess(args, return_code, stderr=stderr)                                                                                               │
│   618                                                                                                                                                                            │
│                                                                                                                                                                                  │
│ ╭───────────────────────────────────────────────────────────────────────────────── locals ──────────────────────────────────────────────────────────────────────────────────╮    │
│ │        args = [WindowsPath('C:/Users/Iuri/Desktop/Projetos/Monitoramento/Spy-mobile/build/spymonitor/android/gradle/gradlew.bat'), '--console', 'plain', 'assembleDebug'] │    │
│ │       check = True                                                                                                                                                        │    │
│ │ filter_func = None                                                                                                                                                        │    │
│ │      kwargs = {                                                                                                                                                           │    │
│ │               │   'env': {                                                                                                                                                │    │
│ │               │   │   'ANDROID_HOME': 'C:\\Users\\Iuri\\AppData\\Local\\BeeWare\\briefcase\\Cache\\tools\\android_sdk',                                                   │    │
│ │               │   │   'ANDROID_SDK_ROOT': 'C:\\Users\\Iuri\\AppData\\Local\\BeeWare\\briefcase\\Cache\\tools\\android_sdk',                                               │    │
│ │               │   │   'JAVA_HOME': 'C:\\Users\\Iuri\\AppData\\Local\\BeeWare\\briefcase\\Cache\\tools\\java17'                                                            │    │
│ │               │   },                                                                                                                                                      │    │
│ │               │   'cwd': WindowsPath('C:/Users/Iuri/Desktop/Projetos/Monitoramento/Spy-mobile/build/spymonitor/android/gradle'),                                          │    │
│ │               │   'encoding': 'CP1252',                                                                                                                                   │    │
│ │               │   'stdout': -1,                                                                                                                                           │    │
│ │               │   'stderr': -2,                                                                                                                                           │    │
│ │               │   'bufsize': 1                                                                                                                                            │    │
│ │               }                                                                                                                                                           │    │
│ │     process = <Popen: returncode: 1 args: ['C:\\Users\\Iuri\\Desktop\\Projetos\\Monitorame...>                                                                            │    │
│ │ return_code = 1                                                                                                                                                           │    │
│ │        self = <briefcase.integrations.subprocess.Subprocess object at 0x00000126200982F0>                                                                                 │    │
│ │      stderr = None                                                                                                                                                        │    │
│ ╰───────────────────────────────────────────────────────────────────────────────────────────────────────────────────────────────────────────────────────────────────────────╯    │
╰──────────────────────────────────────────────────────────────────────────────────────────────────────────────────────────────────────────────────────────────────────────────────╯
CalledProcessError: Command '[WindowsPath('C:/Users/Iuri/Desktop/Projetos/Monitoramento/Spy-mobile/build/spymonitor/android/gradle/gradlew.bat'), '--console', 'plain', 'assembleDebug']' returned non-zero exit status 1.

The above exception was the direct cause of the following exception:

╭─────────────────────────────────────────────────────────────────────── Traceback (most recent call last) ────────────────────────────────────────────────────────────────────────╮
│ C:\Users\Iuri\AppData\Roaming\Python\Python313\site-packages\briefcase\__main__.py:29 in main                                                                                    │
│                                                                                                                                                                                  │
│   26 │   │   │   Path.cwd() / "pyproject.toml",                                                                                                                                  │
│   27 │   │   │   overrides=overrides,                                                                                                                                            │
│   28 │   │   )                                                                                                                                                                   │
│ ❱ 29 │   │   command(**options)                                                                                                                                                  │
│   30 │   except HelpText as e:                                                                                                                                                   │
│   31 │   │   logger.info()                                                                                                                                                       │
│   32 │   │   logger.info(str(e))                                                                                                                                                 │
│                                                                                                                                                                                  │
│ ╭─────────────────────────────────────────────── locals ───────────────────────────────────────────────╮                                                                         │
│ │       command = <briefcase.platforms.android.gradle.GradleBuildCommand object at 0x000001261FEDB4D0> │                                                                         │
│ │       console = <briefcase.console.Console object at 0x000001261FEDA120>                             │                                                                         │
│ │             e = BriefcaseCommandError('Error while building project.')                               │                                                                         │
│ │ extra_cmdline = ['--no-update']                                                                      │                                                                         │
│ │        logger = <briefcase.console.Log object at 0x000001261FEDA270>                                 │                                                                         │
│ │       options = {                                                                                    │                                                                         │
│ │                 │   'update': False,                                                                 │                                                                         │
│ │                 │   'update_requirements': False,                                                    │                                                                         │
│ │                 │   'update_support': False,                                                         │                                                                         │
│ │                 │   'update_stub': False,                                                            │                                                                         │
│ │                 │   'update_resources': False,                                                       │                                                                         │
│ │                 │   'no_update': True,                                                               │                                                                         │
│ │                 │   'test_mode': False                                                               │                                                                         │
│ │                 }                                                                                    │                                                                         │
│ │     overrides = {}                                                                                   │                                                                         │
│ │       printer = <briefcase.console.Printer object at 0x000001261CCB2E40>                             │                                                                         │
│ │        result = 200                                                                                  │                                                                         │
│ ╰──────────────────────────────────────────────────────────────────────────────────────────────────────╯                                                                         │
│                                                                                                                                                                                  │
│ C:\Users\Iuri\AppData\Roaming\Python\Python313\site-packages\briefcase\commands\build.py:141 in __call__                                                                         │
│                                                                                                                                                                                  │
│   138 │   │   else:                                                                                                                                                              │
│   139 │   │   │   state = None                                                                                                                                                   │
│   140 │   │   │   for app_name, app in sorted(self.apps.items()):                                                                                                                │
│ ❱ 141 │   │   │   │   state = self._build_app(                                                                                                                                   │
│   142 │   │   │   │   │   app,                                                                                                                                                   │
│   143 │   │   │   │   │   update=update,                                                                                                                                         │
│   144 │   │   │   │   │   update_requirements=update_requirements,                                                                                                               │
│                                                                                                                                                                                  │
│ ╭────────────────────────────────────────────────── locals ──────────────────────────────────────────────────╮                                                                   │
│ │                 app = <org.beeware.spymonitor.spymonitor v2.0.0 AppConfig>                                 │                                                                   │
│ │            app_name = 'spymonitor'                                                                         │                                                                   │
│ │           no_update = True                                                                                 │                                                                   │
│ │             options = {}                                                                                   │                                                                   │
│ │                self = <briefcase.platforms.android.gradle.GradleBuildCommand object at 0x000001261FEDB4D0> │                                                                   │
│ │               state = None                                                                                 │                                                                   │
│ │           test_mode = False                                                                                │                                                                   │
│ │              update = False                                                                                │                                                                   │
│ │ update_requirements = False                                                                                │                                                                   │
│ │    update_resources = False                                                                                │                                                                   │
│ │         update_stub = False                                                                                │                                                                   │
│ │      update_support = False                                                                                │                                                                   │
│ ╰────────────────────────────────────────────────────────────────────────────────────────────────────────────╯                                                                   │
│                                                                                                                                                                                  │
│ C:\Users\Iuri\AppData\Roaming\Python\Python313\site-packages\briefcase\commands\build.py:77 in _build_app                                                                        │
│                                                                                                                                                                                  │
│    74 │   │                                                                                                                                                                      │
│    75 │   │   self.verify_app(app)                                                                                                                                               │
│    76 │   │                                                                                                                                                                      │
│ ❱  77 │   │   state = self.build_app(app, test_mode=test_mode, **full_options(state, options))                                                                                   │
│    78 │   │                                                                                                                                                                      │
│    79 │   │   qualifier = " (test mode)" if test_mode else ""                                                                                                                    │
│    80 │   │   self.logger.info(                                                                                                                                                  │
│                                                                                                                                                                                  │
│ ╭────────────────────────────────────────────────── locals ──────────────────────────────────────────────────╮                                                                   │
│ │                 app = <org.beeware.spymonitor.spymonitor v2.0.0 AppConfig>                                 │                                                                   │
│ │           no_update = True                                                                                 │                                                                   │
│ │             options = {}                                                                                   │                                                                   │
│ │                self = <briefcase.platforms.android.gradle.GradleBuildCommand object at 0x000001261FEDB4D0> │                                                                   │
│ │               state = None                                                                                 │                                                                   │
│ │           test_mode = False                                                                                │                                                                   │
│ │              update = False                                                                                │                                                                   │
│ │ update_requirements = False                                                                                │                                                                   │
│ │    update_resources = False                                                                                │                                                                   │
│ │         update_stub = False                                                                                │                                                                   │
│ │      update_support = False                                                                                │                                                                   │
│ ╰────────────────────────────────────────────────────────────────────────────────────────────────────────────╯                                                                   │
│                                                                                                                                                                                  │
│ C:\Users\Iuri\AppData\Roaming\Python\Python313\site-packages\briefcase\platforms\android\gradle.py:327 in build_app                                                              │
│                                                                                                                                                                                  │
│   324 │   │   │   try:                                                                                                                                                           │
│   325 │   │   │   │   self.run_gradle(app, ["assembleDebug"])                                                                                                                    │
│   326 │   │   │   except subprocess.CalledProcessError as e:                                                                                                                     │
│ ❱ 327 │   │   │   │   raise BriefcaseCommandError("Error while building project.") from e                                                                                        │
│   328                                                                                                                                                                            │
│   329                                                                                                                                                                            │
│   330 class GradleRunCommand(GradleMixin, RunCommand):                                                                                                                           │
│                                                                                                                                                                                  │
│ ╭───────────────────────────────────────────── locals ─────────────────────────────────────────────╮                                                                             │
│ │       app = <org.beeware.spymonitor.spymonitor v2.0.0 AppConfig>                                 │                                                                             │
│ │    kwargs = {}                                                                                   │                                                                             │
│ │      self = <briefcase.platforms.android.gradle.GradleBuildCommand object at 0x000001261FEDB4D0> │                                                                             │
│ │ test_mode = False                                                                                │                                                                             │
│ ╰──────────────────────────────────────────────────────────────────────────────────────────────────╯                                                                             │
╰──────────────────────────────────────────────────────────────────────────────────────────────────────────────────────────────────────────────────────────────────────────────────╯
BriefcaseCommandError: Error while building project.
[13:42:01] Collecting extra information for log... started                                                                                                            console.py:426
[13:42:02]                                                                                                                                                            console.py:430
           Extra information:                                                                                                                                         console.py:431
                                                                                                                                                                   subprocess.py:827
           >>> Running Command:                                                                                                                                    subprocess.py:827
           >>>     'C:\Users\Iuri\AppData\Local\BeeWare\briefcase\Cache\tools\android_sdk\cmdline-tools\12.0\bin\sdkmanager.bat' --list_installed                  subprocess.py:827
           >>> Working Directory:                                                                                                                                  subprocess.py:827
           >>>     C:\Users\Iuri\Desktop\Projetos\Monitoramento\Spy-mobile                                                                                         subprocess.py:827
           >>> Environment Overrides:                                                                                                                              subprocess.py:827
           >>>     ANDROID_HOME=C:\Users\Iuri\AppData\Local\BeeWare\briefcase\Cache\tools\android_sdk                                                              subprocess.py:827
           >>>     ANDROID_SDK_ROOT=C:\Users\Iuri\AppData\Local\BeeWare\briefcase\Cache\tools\android_sdk                                                          subprocess.py:827
           >>>     JAVA_HOME=C:\Users\Iuri\AppData\Local\BeeWare\briefcase\Cache\tools\java17                                                                      subprocess.py:827
[13:42:06] >>> Command Output:                                                                                                                                     subprocess.py:827
           >>>     Warning: This version only understands SDK XML versions up to 3 but an SDK XML file of version 4 was encountered. This can happen if you use    subprocess.py:827
           versions of Android Studio and the command-line tools that were released at different times.                                                                             
[13:42:07] >>>     Loading package information...                                                                                                                  subprocess.py:827
           >>>     Loading local repository...                                                                                                                     subprocess.py:827
           >>>     [=========                              ] 25% Loading local repository...                                                                       subprocess.py:827
           >>>     [=========                              ] 25% Fetch remote repository...                                                                        subprocess.py:827
           >>>     [=======================================] 100% Fetch remote repository...                                                                       subprocess.py:827
           >>>                                                                                                                                                     subprocess.py:827
           >>>     Installed packages:                                                                                                                             subprocess.py:827
           >>>       Path                 | Version | Description                | Location                                                                        subprocess.py:827
           >>>       -------              | ------- | -------                    | -------                                                                         subprocess.py:827
           >>>       build-tools;35.0.0   | 35.0.0  | Android SDK Build-Tools 35 | build-tools\35.0.0                                                              subprocess.py:827
           >>>       emulator             | 36.2.12 | Android Emulator           | emulator                                                                        subprocess.py:827
           >>>       platform-tools       | 36.0.0  | Android SDK Platform-Tools | platform-tools                                                                  subprocess.py:827
           >>>       platforms;android-35 | 2       | Android SDK Platform 35    | platforms\android-35                                                            subprocess.py:827
           >>>                                                                                                                                                     subprocess.py:827
           >>> Return code: 0                                                                                                                                      subprocess.py:827
           Collecting extra information for log... done                                                                                                               console.py:426
